{"/Users/ptchen/Downloads/Campus-Summer-Back-End/Campus-Summer-Back-End/students/pei-tung/Canchu/app/app.js": {"path":"/Users/ptchen/Downloads/Campus-Summer-Back-End/Campus-Summer-Back-End/students/pei-tung/Canchu/app/app.js","statementMap":{"0":{"start":{"line":1,"column":16},"end":{"line":1,"column":34}},"1":{"start":{"line":2,"column":15},"end":{"line":2,"column":41}},"2":{"start":{"line":3,"column":13},"end":{"line":3,"column":28}},"3":{"start":{"line":4,"column":20},"end":{"line":4,"column":49}},"4":{"start":{"line":6,"column":12},"end":{"line":6,"column":21}},"5":{"start":{"line":7,"column":19},"end":{"line":7,"column":55}},"6":{"start":{"line":8,"column":21},"end":{"line":8,"column":59}},"7":{"start":{"line":9,"column":20},"end":{"line":9,"column":58}},"8":{"start":{"line":10,"column":19},"end":{"line":10,"column":56}},"9":{"start":{"line":11,"column":14},"end":{"line":11,"column":51}},"10":{"start":{"line":13,"column":0},"end":{"line":13,"column":16}},"11":{"start":{"line":20,"column":0},"end":{"line":20,"column":24}},"12":{"start":{"line":21,"column":0},"end":{"line":21,"column":34}},"13":{"start":{"line":23,"column":0},"end":{"line":23,"column":20}},"14":{"start":{"line":24,"column":0},"end":{"line":24,"column":38}},"15":{"start":{"line":25,"column":0},"end":{"line":25,"column":42}},"16":{"start":{"line":26,"column":0},"end":{"line":26,"column":40}},"17":{"start":{"line":27,"column":0},"end":{"line":27,"column":38}},"18":{"start":{"line":29,"column":0},"end":{"line":29,"column":21}}},"fnMap":{},"branchMap":{},"s":{"0":1,"1":1,"2":1,"3":1,"4":1,"5":1,"6":1,"7":1,"8":1,"9":1,"10":1,"11":1,"12":1,"13":1,"14":1,"15":1,"16":1,"17":1,"18":1},"f":{},"b":{},"_coverageSchema":"1a1c01bbd47fc00a2c39e90264f33305004495a9","hash":"c4840d788d7d7bbba8f5e355eb4fd78f1a19fad8"}
,"/Users/ptchen/Downloads/Campus-Summer-Back-End/Campus-Summer-Back-End/students/pei-tung/Canchu/app/server/controllers/eventController.js": {"path":"/Users/ptchen/Downloads/Campus-Summer-Back-End/Campus-Summer-Back-End/students/pei-tung/Canchu/app/server/controllers/eventController.js","statementMap":{"0":{"start":{"line":1,"column":19},"end":{"line":1,"column":50}},"1":{"start":{"line":2,"column":18},"end":{"line":2,"column":49}},"2":{"start":{"line":4,"column":0},"end":{"line":29,"column":2}},"3":{"start":{"line":6,"column":4},"end":{"line":15,"column":5}},"4":{"start":{"line":7,"column":26},"end":{"line":7,"column":41}},"5":{"start":{"line":8,"column":23},"end":{"line":8,"column":61}},"6":{"start":{"line":9,"column":21},"end":{"line":9,"column":57}},"7":{"start":{"line":10,"column":25},"end":{"line":10,"column":45}},"8":{"start":{"line":11,"column":6},"end":{"line":11,"column":39}},"9":{"start":{"line":13,"column":6},"end":{"line":13,"column":23}},"10":{"start":{"line":14,"column":6},"end":{"line":14,"column":63}},"11":{"start":{"line":18,"column":4},"end":{"line":27,"column":5}},"12":{"start":{"line":19,"column":22},"end":{"line":19,"column":45}},"13":{"start":{"line":20,"column":26},"end":{"line":20,"column":41}},"14":{"start":{"line":21,"column":17},"end":{"line":21,"column":65}},"15":{"start":{"line":22,"column":25},"end":{"line":22,"column":52}},"16":{"start":{"line":23,"column":6},"end":{"line":23,"column":39}},"17":{"start":{"line":25,"column":6},"end":{"line":25,"column":23}},"18":{"start":{"line":26,"column":6},"end":{"line":26,"column":63}}},"fnMap":{"0":{"name":"(anonymous_0)","decl":{"start":{"line":5,"column":12},"end":{"line":5,"column":13}},"loc":{"start":{"line":5,"column":32},"end":{"line":16,"column":3}},"line":5},"1":{"name":"(anonymous_1)","decl":{"start":{"line":17,"column":13},"end":{"line":17,"column":14}},"loc":{"start":{"line":17,"column":33},"end":{"line":28,"column":3}},"line":17}},"branchMap":{},"s":{"0":1,"1":1,"2":1,"3":0,"4":0,"5":0,"6":0,"7":0,"8":0,"9":0,"10":0,"11":0,"12":0,"13":0,"14":0,"15":0,"16":0,"17":0,"18":0},"f":{"0":0,"1":0},"b":{},"_coverageSchema":"1a1c01bbd47fc00a2c39e90264f33305004495a9","hash":"e2b7b5cd9163e50b2561cbed53438be5e7cdbfeb"}
,"/Users/ptchen/Downloads/Campus-Summer-Back-End/Campus-Summer-Back-End/students/pei-tung/Canchu/app/server/controllers/friendController.js": {"path":"/Users/ptchen/Downloads/Campus-Summer-Back-End/Campus-Summer-Back-End/students/pei-tung/Canchu/app/server/controllers/friendController.js","statementMap":{"0":{"start":{"line":1,"column":17},"end":{"line":1,"column":51}},"1":{"start":{"line":2,"column":19},"end":{"line":2,"column":51}},"2":{"start":{"line":3,"column":20},"end":{"line":3,"column":52}},"3":{"start":{"line":4,"column":19},"end":{"line":4,"column":50}},"4":{"start":{"line":5,"column":14},"end":{"line":5,"column":41}},"5":{"start":{"line":6,"column":0},"end":{"line":108,"column":2}},"6":{"start":{"line":8,"column":4},"end":{"line":17,"column":5}},"7":{"start":{"line":9,"column":17},"end":{"line":9,"column":32}},"8":{"start":{"line":10,"column":21},"end":{"line":10,"column":57}},"9":{"start":{"line":11,"column":20},"end":{"line":11,"column":70}},"10":{"start":{"line":12,"column":25},"end":{"line":12,"column":44}},"11":{"start":{"line":13,"column":6},"end":{"line":13,"column":39}},"12":{"start":{"line":15,"column":6},"end":{"line":15,"column":23}},"13":{"start":{"line":16,"column":6},"end":{"line":16,"column":63}},"14":{"start":{"line":20,"column":4},"end":{"line":32,"column":5}},"15":{"start":{"line":21,"column":17},"end":{"line":21,"column":32}},"16":{"start":{"line":22,"column":33},"end":{"line":22,"column":62}},"17":{"start":{"line":23,"column":20},"end":{"line":26,"column":7}},"18":{"start":{"line":27,"column":25},"end":{"line":27,"column":44}},"19":{"start":{"line":28,"column":6},"end":{"line":28,"column":39}},"20":{"start":{"line":30,"column":6},"end":{"line":30,"column":23}},"21":{"start":{"line":31,"column":6},"end":{"line":31,"column":63}},"22":{"start":{"line":35,"column":4},"end":{"line":63,"column":5}},"23":{"start":{"line":36,"column":25},"end":{"line":36,"column":47}},"24":{"start":{"line":37,"column":26},"end":{"line":37,"column":41}},"25":{"start":{"line":39,"column":6},"end":{"line":44,"column":7}},"26":{"start":{"line":40,"column":8},"end":{"line":43,"column":10}},"27":{"start":{"line":45,"column":17},"end":{"line":45,"column":67}},"28":{"start":{"line":47,"column":24},"end":{"line":47,"column":40}},"29":{"start":{"line":48,"column":19},"end":{"line":48,"column":28}},"30":{"start":{"line":49,"column":6},"end":{"line":49,"column":70}},"31":{"start":{"line":50,"column":25},"end":{"line":56,"column":7}},"32":{"start":{"line":57,"column":6},"end":{"line":57,"column":58}},"33":{"start":{"line":58,"column":6},"end":{"line":58,"column":58}},"34":{"start":{"line":59,"column":6},"end":{"line":59,"column":46}},"35":{"start":{"line":61,"column":6},"end":{"line":61,"column":23}},"36":{"start":{"line":62,"column":6},"end":{"line":62,"column":63}},"37":{"start":{"line":66,"column":4},"end":{"line":91,"column":5}},"38":{"start":{"line":67,"column":21},"end":{"line":67,"column":36}},"39":{"start":{"line":68,"column":27},"end":{"line":68,"column":55}},"40":{"start":{"line":69,"column":17},"end":{"line":69,"column":62}},"41":{"start":{"line":72,"column":30},"end":{"line":74,"column":7}},"42":{"start":{"line":75,"column":24},"end":{"line":75,"column":40}},"43":{"start":{"line":76,"column":19},"end":{"line":76,"column":30}},"44":{"start":{"line":77,"column":6},"end":{"line":77,"column":70}},"45":{"start":{"line":78,"column":25},"end":{"line":84,"column":7}},"46":{"start":{"line":85,"column":6},"end":{"line":85,"column":58}},"47":{"start":{"line":86,"column":6},"end":{"line":86,"column":58}},"48":{"start":{"line":87,"column":6},"end":{"line":87,"column":39}},"49":{"start":{"line":89,"column":6},"end":{"line":89,"column":23}},"50":{"start":{"line":90,"column":6},"end":{"line":90,"column":63}},"51":{"start":{"line":94,"column":4},"end":{"line":106,"column":5}},"52":{"start":{"line":95,"column":27},"end":{"line":95,"column":55}},"53":{"start":{"line":96,"column":21},"end":{"line":96,"column":36}},"54":{"start":{"line":97,"column":17},"end":{"line":97,"column":63}},"55":{"start":{"line":98,"column":25},"end":{"line":98,"column":65}},"56":{"start":{"line":99,"column":23},"end":{"line":99,"column":34}},"57":{"start":{"line":100,"column":6},"end":{"line":100,"column":51}},"58":{"start":{"line":101,"column":6},"end":{"line":101,"column":51}},"59":{"start":{"line":102,"column":6},"end":{"line":102,"column":46}},"60":{"start":{"line":104,"column":6},"end":{"line":104,"column":23}},"61":{"start":{"line":105,"column":6},"end":{"line":105,"column":63}}},"fnMap":{"0":{"name":"(anonymous_0)","decl":{"start":{"line":7,"column":18},"end":{"line":7,"column":19}},"loc":{"start":{"line":7,"column":38},"end":{"line":18,"column":3}},"line":7},"1":{"name":"(anonymous_1)","decl":{"start":{"line":19,"column":11},"end":{"line":19,"column":12}},"loc":{"start":{"line":19,"column":31},"end":{"line":33,"column":3}},"line":19},"2":{"name":"(anonymous_2)","decl":{"start":{"line":34,"column":11},"end":{"line":34,"column":12}},"loc":{"start":{"line":34,"column":31},"end":{"line":64,"column":3}},"line":34},"3":{"name":"(anonymous_3)","decl":{"start":{"line":65,"column":9},"end":{"line":65,"column":10}},"loc":{"start":{"line":65,"column":29},"end":{"line":92,"column":3}},"line":65},"4":{"name":"(anonymous_4)","decl":{"start":{"line":93,"column":10},"end":{"line":93,"column":11}},"loc":{"start":{"line":93,"column":30},"end":{"line":107,"column":3}},"line":93}},"branchMap":{"0":{"loc":{"start":{"line":39,"column":6},"end":{"line":44,"column":7}},"type":"if","locations":[{"start":{"line":39,"column":6},"end":{"line":44,"column":7}},{"start":{},"end":{}}],"line":39}},"s":{"0":1,"1":1,"2":1,"3":1,"4":1,"5":1,"6":0,"7":0,"8":0,"9":0,"10":0,"11":0,"12":0,"13":0,"14":0,"15":0,"16":0,"17":0,"18":0,"19":0,"20":0,"21":0,"22":0,"23":0,"24":0,"25":0,"26":0,"27":0,"28":0,"29":0,"30":0,"31":0,"32":0,"33":0,"34":0,"35":0,"36":0,"37":0,"38":0,"39":0,"40":0,"41":0,"42":0,"43":0,"44":0,"45":0,"46":0,"47":0,"48":0,"49":0,"50":0,"51":0,"52":0,"53":0,"54":0,"55":0,"56":0,"57":0,"58":0,"59":0,"60":0,"61":0},"f":{"0":0,"1":0,"2":0,"3":0,"4":0},"b":{"0":[0,0]},"_coverageSchema":"1a1c01bbd47fc00a2c39e90264f33305004495a9","hash":"3a1c755ba4fe986405d2e6a787a4d24e262913ea"}
,"/Users/ptchen/Downloads/Campus-Summer-Back-End/Campus-Summer-Back-End/students/pei-tung/Canchu/app/server/controllers/postController.js": {"path":"/Users/ptchen/Downloads/Campus-Summer-Back-End/Campus-Summer-Back-End/students/pei-tung/Canchu/app/server/controllers/postController.js","statementMap":{"0":{"start":{"line":1,"column":14},"end":{"line":1,"column":44}},"1":{"start":{"line":2,"column":15},"end":{"line":2,"column":49}},"2":{"start":{"line":3,"column":13},"end":{"line":3,"column":43}},"3":{"start":{"line":5,"column":0},"end":{"line":131,"column":2}},"4":{"start":{"line":7,"column":4},"end":{"line":19,"column":5}},"5":{"start":{"line":8,"column":23},"end":{"line":8,"column":38}},"6":{"start":{"line":9,"column":22},"end":{"line":9,"column":38}},"7":{"start":{"line":10,"column":6},"end":{"line":12,"column":7}},"8":{"start":{"line":11,"column":8},"end":{"line":11,"column":70}},"9":{"start":{"line":13,"column":21},"end":{"line":13,"column":56}},"10":{"start":{"line":14,"column":25},"end":{"line":14,"column":59}},"11":{"start":{"line":15,"column":6},"end":{"line":15,"column":39}},"12":{"start":{"line":17,"column":6},"end":{"line":17,"column":23}},"13":{"start":{"line":18,"column":6},"end":{"line":18,"column":56}},"14":{"start":{"line":22,"column":4},"end":{"line":35,"column":5}},"15":{"start":{"line":23,"column":21},"end":{"line":23,"column":36}},"16":{"start":{"line":24,"column":21},"end":{"line":24,"column":38}},"17":{"start":{"line":25,"column":25},"end":{"line":25,"column":41}},"18":{"start":{"line":26,"column":6},"end":{"line":28,"column":7}},"19":{"start":{"line":27,"column":8},"end":{"line":27,"column":72}},"20":{"start":{"line":29,"column":21},"end":{"line":29,"column":72}},"21":{"start":{"line":30,"column":25},"end":{"line":30,"column":59}},"22":{"start":{"line":31,"column":6},"end":{"line":31,"column":39}},"23":{"start":{"line":33,"column":6},"end":{"line":33,"column":23}},"24":{"start":{"line":34,"column":6},"end":{"line":34,"column":56}},"25":{"start":{"line":38,"column":4},"end":{"line":47,"column":5}},"26":{"start":{"line":39,"column":21},"end":{"line":39,"column":36}},"27":{"start":{"line":40,"column":21},"end":{"line":40,"column":38}},"28":{"start":{"line":41,"column":21},"end":{"line":41,"column":59}},"29":{"start":{"line":42,"column":25},"end":{"line":42,"column":59}},"30":{"start":{"line":43,"column":6},"end":{"line":43,"column":39}},"31":{"start":{"line":45,"column":6},"end":{"line":45,"column":23}},"32":{"start":{"line":46,"column":6},"end":{"line":46,"column":56}},"33":{"start":{"line":50,"column":4},"end":{"line":59,"column":5}},"34":{"start":{"line":51,"column":21},"end":{"line":51,"column":36}},"35":{"start":{"line":52,"column":21},"end":{"line":52,"column":38}},"36":{"start":{"line":53,"column":21},"end":{"line":53,"column":59}},"37":{"start":{"line":54,"column":25},"end":{"line":54,"column":59}},"38":{"start":{"line":55,"column":6},"end":{"line":55,"column":39}},"39":{"start":{"line":57,"column":6},"end":{"line":57,"column":23}},"40":{"start":{"line":58,"column":6},"end":{"line":58,"column":63}},"41":{"start":{"line":62,"column":4},"end":{"line":77,"column":5}},"42":{"start":{"line":63,"column":21},"end":{"line":63,"column":36}},"43":{"start":{"line":64,"column":21},"end":{"line":64,"column":38}},"44":{"start":{"line":65,"column":22},"end":{"line":65,"column":38}},"45":{"start":{"line":66,"column":6},"end":{"line":68,"column":7}},"46":{"start":{"line":67,"column":8},"end":{"line":67,"column":73}},"47":{"start":{"line":69,"column":21},"end":{"line":69,"column":71}},"48":{"start":{"line":70,"column":25},"end":{"line":72,"column":7}},"49":{"start":{"line":73,"column":6},"end":{"line":73,"column":39}},"50":{"start":{"line":75,"column":6},"end":{"line":75,"column":23}},"51":{"start":{"line":76,"column":6},"end":{"line":76,"column":56}},"52":{"start":{"line":80,"column":4},"end":{"line":89,"column":5}},"53":{"start":{"line":81,"column":21},"end":{"line":81,"column":38}},"54":{"start":{"line":82,"column":21},"end":{"line":82,"column":36}},"55":{"start":{"line":83,"column":21},"end":{"line":83,"column":62}},"56":{"start":{"line":84,"column":25},"end":{"line":84,"column":41}},"57":{"start":{"line":85,"column":6},"end":{"line":85,"column":39}},"58":{"start":{"line":87,"column":6},"end":{"line":87,"column":23}},"59":{"start":{"line":88,"column":6},"end":{"line":88,"column":56}},"60":{"start":{"line":92,"column":4},"end":{"line":129,"column":5}},"61":{"start":{"line":93,"column":23},"end":{"line":93,"column":40}},"62":{"start":{"line":94,"column":19},"end":{"line":94,"column":34}},"63":{"start":{"line":95,"column":27},"end":{"line":95,"column":29}},"64":{"start":{"line":96,"column":28},"end":{"line":96,"column":44}},"65":{"start":{"line":98,"column":19},"end":{"line":98,"column":35}},"66":{"start":{"line":99,"column":24},"end":{"line":99,"column":40}},"67":{"start":{"line":100,"column":6},"end":{"line":102,"column":7}},"68":{"start":{"line":101,"column":8},"end":{"line":101,"column":68}},"69":{"start":{"line":104,"column":6},"end":{"line":113,"column":7}},"70":{"start":{"line":105,"column":8},"end":{"line":110,"column":10}},"71":{"start":{"line":112,"column":8},"end":{"line":112,"column":72}},"72":{"start":{"line":114,"column":20},"end":{"line":114,"column":68}},"73":{"start":{"line":116,"column":6},"end":{"line":124,"column":7}},"74":{"start":{"line":117,"column":8},"end":{"line":117,"column":60}},"75":{"start":{"line":119,"column":30},"end":{"line":119,"column":56}},"76":{"start":{"line":120,"column":25},"end":{"line":122,"column":9}},"77":{"start":{"line":123,"column":8},"end":{"line":123,"column":66}},"78":{"start":{"line":125,"column":6},"end":{"line":125,"column":39}},"79":{"start":{"line":127,"column":6},"end":{"line":127,"column":23}},"80":{"start":{"line":128,"column":6},"end":{"line":128,"column":56}}},"fnMap":{"0":{"name":"(anonymous_0)","decl":{"start":{"line":6,"column":8},"end":{"line":6,"column":9}},"loc":{"start":{"line":6,"column":28},"end":{"line":20,"column":3}},"line":6},"1":{"name":"(anonymous_1)","decl":{"start":{"line":21,"column":15},"end":{"line":21,"column":16}},"loc":{"start":{"line":21,"column":35},"end":{"line":36,"column":3}},"line":21},"2":{"name":"(anonymous_2)","decl":{"start":{"line":37,"column":14},"end":{"line":37,"column":15}},"loc":{"start":{"line":37,"column":34},"end":{"line":48,"column":3}},"line":37},"3":{"name":"(anonymous_3)","decl":{"start":{"line":49,"column":14},"end":{"line":49,"column":15}},"loc":{"start":{"line":49,"column":34},"end":{"line":60,"column":3}},"line":49},"4":{"name":"(anonymous_4)","decl":{"start":{"line":61,"column":17},"end":{"line":61,"column":18}},"loc":{"start":{"line":61,"column":37},"end":{"line":78,"column":3}},"line":61},"5":{"name":"(anonymous_5)","decl":{"start":{"line":79,"column":17},"end":{"line":79,"column":18}},"loc":{"start":{"line":79,"column":37},"end":{"line":90,"column":3}},"line":79},"6":{"name":"(anonymous_6)","decl":{"start":{"line":91,"column":10},"end":{"line":91,"column":11}},"loc":{"start":{"line":91,"column":30},"end":{"line":130,"column":3}},"line":91}},"branchMap":{"0":{"loc":{"start":{"line":10,"column":6},"end":{"line":12,"column":7}},"type":"if","locations":[{"start":{"line":10,"column":6},"end":{"line":12,"column":7}},{"start":{},"end":{}}],"line":10},"1":{"loc":{"start":{"line":10,"column":10},"end":{"line":10,"column":37}},"type":"binary-expr","locations":[{"start":{"line":10,"column":10},"end":{"line":10,"column":18}},{"start":{"line":10,"column":22},"end":{"line":10,"column":37}}],"line":10},"2":{"loc":{"start":{"line":26,"column":6},"end":{"line":28,"column":7}},"type":"if","locations":[{"start":{"line":26,"column":6},"end":{"line":28,"column":7}},{"start":{},"end":{}}],"line":26},"3":{"loc":{"start":{"line":26,"column":10},"end":{"line":26,"column":43}},"type":"binary-expr","locations":[{"start":{"line":26,"column":10},"end":{"line":26,"column":21}},{"start":{"line":26,"column":25},"end":{"line":26,"column":43}}],"line":26},"4":{"loc":{"start":{"line":66,"column":6},"end":{"line":68,"column":7}},"type":"if","locations":[{"start":{"line":66,"column":6},"end":{"line":68,"column":7}},{"start":{},"end":{}}],"line":66},"5":{"loc":{"start":{"line":66,"column":10},"end":{"line":66,"column":37}},"type":"binary-expr","locations":[{"start":{"line":66,"column":10},"end":{"line":66,"column":18}},{"start":{"line":66,"column":22},"end":{"line":66,"column":37}}],"line":66},"6":{"loc":{"start":{"line":100,"column":6},"end":{"line":102,"column":7}},"type":"if","locations":[{"start":{"line":100,"column":6},"end":{"line":102,"column":7}},{"start":{},"end":{}}],"line":100},"7":{"loc":{"start":{"line":104,"column":6},"end":{"line":113,"column":7}},"type":"if","locations":[{"start":{"line":104,"column":6},"end":{"line":113,"column":7}},{"start":{"line":111,"column":13},"end":{"line":113,"column":7}}],"line":104},"8":{"loc":{"start":{"line":116,"column":6},"end":{"line":124,"column":7}},"type":"if","locations":[{"start":{"line":116,"column":6},"end":{"line":124,"column":7}},{"start":{"line":118,"column":13},"end":{"line":124,"column":7}}],"line":116}},"s":{"0":1,"1":1,"2":1,"3":1,"4":0,"5":0,"6":0,"7":0,"8":0,"9":0,"10":0,"11":0,"12":0,"13":0,"14":0,"15":0,"16":0,"17":0,"18":0,"19":0,"20":0,"21":0,"22":0,"23":0,"24":0,"25":0,"26":0,"27":0,"28":0,"29":0,"30":0,"31":0,"32":0,"33":0,"34":0,"35":0,"36":0,"37":0,"38":0,"39":0,"40":0,"41":0,"42":0,"43":0,"44":0,"45":0,"46":0,"47":0,"48":0,"49":0,"50":0,"51":0,"52":0,"53":0,"54":0,"55":0,"56":0,"57":0,"58":0,"59":0,"60":0,"61":0,"62":0,"63":0,"64":0,"65":0,"66":0,"67":0,"68":0,"69":0,"70":0,"71":0,"72":0,"73":0,"74":0,"75":0,"76":0,"77":0,"78":0,"79":0,"80":0},"f":{"0":0,"1":0,"2":0,"3":0,"4":0,"5":0,"6":0},"b":{"0":[0,0],"1":[0,0],"2":[0,0],"3":[0,0],"4":[0,0],"5":[0,0],"6":[0,0],"7":[0,0],"8":[0,0]},"_coverageSchema":"1a1c01bbd47fc00a2c39e90264f33305004495a9","hash":"2aff7cf93e4dfc6be097647668cdd53ead6eb619"}
,"/Users/ptchen/Downloads/Campus-Summer-Back-End/Campus-Summer-Back-End/students/pei-tung/Canchu/app/server/controllers/userController.js": {"path":"/Users/ptchen/Downloads/Campus-Summer-Back-End/Campus-Summer-Back-End/students/pei-tung/Canchu/app/server/controllers/userController.js","statementMap":{"0":{"start":{"line":1,"column":14},"end":{"line":1,"column":30}},"1":{"start":{"line":2,"column":15},"end":{"line":2,"column":32}},"2":{"start":{"line":3,"column":18},"end":{"line":3,"column":48}},"3":{"start":{"line":4,"column":17},"end":{"line":4,"column":47}},"4":{"start":{"line":5,"column":12},"end":{"line":5,"column":35}},"5":{"start":{"line":6,"column":15},"end":{"line":6,"column":34}},"6":{"start":{"line":7,"column":15},"end":{"line":7,"column":41}},"7":{"start":{"line":8,"column":15},"end":{"line":8,"column":49}},"8":{"start":{"line":9,"column":14},"end":{"line":9,"column":41}},"9":{"start":{"line":11,"column":0},"end":{"line":201,"column":2}},"10":{"start":{"line":13,"column":4},"end":{"line":53,"column":5}},"11":{"start":{"line":14,"column":21},"end":{"line":14,"column":44}},"12":{"start":{"line":15,"column":6},"end":{"line":17,"column":7}},"13":{"start":{"line":16,"column":8},"end":{"line":16,"column":35}},"14":{"start":{"line":18,"column":40},"end":{"line":18,"column":48}},"15":{"start":{"line":19,"column":6},"end":{"line":31,"column":7}},"16":{"start":{"line":27,"column":8},"end":{"line":30,"column":10}},"17":{"start":{"line":32,"column":23},"end":{"line":32,"column":31}},"18":{"start":{"line":33,"column":19},"end":{"line":33,"column":41}},"19":{"start":{"line":34,"column":29},"end":{"line":34,"column":62}},"20":{"start":{"line":35,"column":21},"end":{"line":40,"column":7}},"21":{"start":{"line":41,"column":19},"end":{"line":41,"column":51}},"22":{"start":{"line":42,"column":20},"end":{"line":42,"column":55}},"23":{"start":{"line":43,"column":25},"end":{"line":48,"column":7}},"24":{"start":{"line":49,"column":6},"end":{"line":49,"column":39}},"25":{"start":{"line":51,"column":6},"end":{"line":51,"column":23}},"26":{"start":{"line":52,"column":6},"end":{"line":52,"column":63}},"27":{"start":{"line":56,"column":4},"end":{"line":106,"column":5}},"28":{"start":{"line":57,"column":21},"end":{"line":57,"column":44}},"29":{"start":{"line":58,"column":6},"end":{"line":60,"column":7}},"30":{"start":{"line":59,"column":8},"end":{"line":59,"column":35}},"31":{"start":{"line":61,"column":27},"end":{"line":61,"column":35}},"32":{"start":{"line":62,"column":6},"end":{"line":64,"column":7}},"33":{"start":{"line":63,"column":8},"end":{"line":63,"column":80}},"34":{"start":{"line":65,"column":6},"end":{"line":102,"column":7}},"35":{"start":{"line":66,"column":36},"end":{"line":66,"column":44}},"36":{"start":{"line":67,"column":8},"end":{"line":72,"column":9}},"37":{"start":{"line":68,"column":10},"end":{"line":71,"column":12}},"38":{"start":{"line":73,"column":23},"end":{"line":73,"column":68}},"39":{"start":{"line":74,"column":21},"end":{"line":74,"column":53}},"40":{"start":{"line":75,"column":22},"end":{"line":75,"column":57}},"41":{"start":{"line":76,"column":27},"end":{"line":81,"column":9}},"42":{"start":{"line":82,"column":8},"end":{"line":82,"column":41}},"43":{"start":{"line":83,"column":13},"end":{"line":102,"column":7}},"44":{"start":{"line":84,"column":28},"end":{"line":84,"column":49}},"45":{"start":{"line":85,"column":25},"end":{"line":87,"column":9}},"46":{"start":{"line":88,"column":32},"end":{"line":88,"column":45}},"47":{"start":{"line":89,"column":25},"end":{"line":89,"column":35}},"48":{"start":{"line":90,"column":23},"end":{"line":90,"column":70}},"49":{"start":{"line":91,"column":21},"end":{"line":91,"column":53}},"50":{"start":{"line":92,"column":22},"end":{"line":92,"column":57}},"51":{"start":{"line":93,"column":27},"end":{"line":98,"column":9}},"52":{"start":{"line":99,"column":8},"end":{"line":99,"column":41}},"53":{"start":{"line":101,"column":8},"end":{"line":101,"column":74}},"54":{"start":{"line":104,"column":6},"end":{"line":104,"column":23}},"55":{"start":{"line":105,"column":6},"end":{"line":105,"column":63}},"56":{"start":{"line":109,"column":4},"end":{"line":138,"column":5}},"57":{"start":{"line":110,"column":23},"end":{"line":110,"column":36}},"58":{"start":{"line":111,"column":19},"end":{"line":111,"column":34}},"59":{"start":{"line":113,"column":27},"end":{"line":113,"column":59}},"60":{"start":{"line":114,"column":30},"end":{"line":114,"column":71}},"61":{"start":{"line":115,"column":6},"end":{"line":115,"column":35}},"62":{"start":{"line":116,"column":6},"end":{"line":116,"column":32}},"63":{"start":{"line":118,"column":6},"end":{"line":133,"column":7}},"64":{"start":{"line":119,"column":8},"end":{"line":123,"column":10}},"65":{"start":{"line":125,"column":21},"end":{"line":125,"column":64}},"66":{"start":{"line":126,"column":8},"end":{"line":130,"column":10}},"67":{"start":{"line":131,"column":8},"end":{"line":131,"column":48}},"68":{"start":{"line":132,"column":8},"end":{"line":132,"column":67}},"69":{"start":{"line":134,"column":6},"end":{"line":134,"column":39}},"70":{"start":{"line":136,"column":6},"end":{"line":136,"column":23}},"71":{"start":{"line":137,"column":6},"end":{"line":137,"column":63}},"72":{"start":{"line":141,"column":4},"end":{"line":160,"column":5}},"73":{"start":{"line":142,"column":21},"end":{"line":142,"column":44}},"74":{"start":{"line":143,"column":6},"end":{"line":145,"column":7}},"75":{"start":{"line":144,"column":8},"end":{"line":144,"column":35}},"76":{"start":{"line":146,"column":22},"end":{"line":146,"column":39}},"77":{"start":{"line":147,"column":17},"end":{"line":147,"column":32}},"78":{"start":{"line":148,"column":28},"end":{"line":148,"column":74}},"79":{"start":{"line":149,"column":25},"end":{"line":153,"column":7}},"80":{"start":{"line":154,"column":6},"end":{"line":154,"column":34}},"81":{"start":{"line":155,"column":6},"end":{"line":155,"column":30}},"82":{"start":{"line":156,"column":6},"end":{"line":156,"column":46}},"83":{"start":{"line":158,"column":6},"end":{"line":158,"column":23}},"84":{"start":{"line":159,"column":6},"end":{"line":159,"column":63}},"85":{"start":{"line":163,"column":4},"end":{"line":186,"column":5}},"86":{"start":{"line":164,"column":21},"end":{"line":164,"column":44}},"87":{"start":{"line":165,"column":6},"end":{"line":167,"column":7}},"88":{"start":{"line":166,"column":8},"end":{"line":166,"column":35}},"89":{"start":{"line":168,"column":17},"end":{"line":168,"column":32}},"90":{"start":{"line":169,"column":50},"end":{"line":169,"column":58}},"91":{"start":{"line":170,"column":6},"end":{"line":172,"column":7}},"92":{"start":{"line":171,"column":8},"end":{"line":171,"column":66}},"93":{"start":{"line":173,"column":21},"end":{"line":173,"column":77}},"94":{"start":{"line":174,"column":25},"end":{"line":180,"column":7}},"95":{"start":{"line":181,"column":6},"end":{"line":181,"column":34}},"96":{"start":{"line":182,"column":6},"end":{"line":182,"column":46}},"97":{"start":{"line":184,"column":6},"end":{"line":184,"column":23}},"98":{"start":{"line":185,"column":6},"end":{"line":185,"column":63}},"99":{"start":{"line":189,"column":4},"end":{"line":199,"column":5}},"100":{"start":{"line":190,"column":19},"end":{"line":190,"column":34}},"101":{"start":{"line":191,"column":24},"end":{"line":191,"column":41}},"102":{"start":{"line":192,"column":27},"end":{"line":192,"column":66}},"103":{"start":{"line":193,"column":20},"end":{"line":193,"column":64}},"104":{"start":{"line":194,"column":25},"end":{"line":194,"column":44}},"105":{"start":{"line":195,"column":6},"end":{"line":195,"column":39}},"106":{"start":{"line":197,"column":6},"end":{"line":197,"column":23}},"107":{"start":{"line":198,"column":6},"end":{"line":198,"column":63}}},"fnMap":{"0":{"name":"(anonymous_0)","decl":{"start":{"line":12,"column":10},"end":{"line":12,"column":11}},"loc":{"start":{"line":12,"column":30},"end":{"line":54,"column":3}},"line":12},"1":{"name":"(anonymous_1)","decl":{"start":{"line":55,"column":10},"end":{"line":55,"column":11}},"loc":{"start":{"line":55,"column":30},"end":{"line":107,"column":3}},"line":55},"2":{"name":"(anonymous_2)","decl":{"start":{"line":108,"column":15},"end":{"line":108,"column":16}},"loc":{"start":{"line":108,"column":35},"end":{"line":139,"column":3}},"line":108},"3":{"name":"(anonymous_3)","decl":{"start":{"line":140,"column":21},"end":{"line":140,"column":22}},"loc":{"start":{"line":140,"column":41},"end":{"line":161,"column":3}},"line":140},"4":{"name":"(anonymous_4)","decl":{"start":{"line":162,"column":21},"end":{"line":162,"column":22}},"loc":{"start":{"line":162,"column":41},"end":{"line":187,"column":3}},"line":162},"5":{"name":"(anonymous_5)","decl":{"start":{"line":188,"column":10},"end":{"line":188,"column":11}},"loc":{"start":{"line":188,"column":30},"end":{"line":200,"column":3}},"line":188}},"branchMap":{"0":{"loc":{"start":{"line":15,"column":6},"end":{"line":17,"column":7}},"type":"if","locations":[{"start":{"line":15,"column":6},"end":{"line":17,"column":7}},{"start":{},"end":{}}],"line":15},"1":{"loc":{"start":{"line":19,"column":6},"end":{"line":31,"column":7}},"type":"if","locations":[{"start":{"line":19,"column":6},"end":{"line":31,"column":7}},{"start":{},"end":{}}],"line":19},"2":{"loc":{"start":{"line":20,"column":8},"end":{"line":25,"column":24}},"type":"binary-expr","locations":[{"start":{"line":20,"column":8},"end":{"line":20,"column":13}},{"start":{"line":21,"column":8},"end":{"line":21,"column":20}},{"start":{"line":22,"column":8},"end":{"line":22,"column":14}},{"start":{"line":23,"column":8},"end":{"line":23,"column":21}},{"start":{"line":24,"column":8},"end":{"line":24,"column":17}},{"start":{"line":25,"column":8},"end":{"line":25,"column":24}}],"line":20},"3":{"loc":{"start":{"line":58,"column":6},"end":{"line":60,"column":7}},"type":"if","locations":[{"start":{"line":58,"column":6},"end":{"line":60,"column":7}},{"start":{},"end":{}}],"line":58},"4":{"loc":{"start":{"line":62,"column":6},"end":{"line":64,"column":7}},"type":"if","locations":[{"start":{"line":62,"column":6},"end":{"line":64,"column":7}},{"start":{},"end":{}}],"line":62},"5":{"loc":{"start":{"line":62,"column":10},"end":{"line":62,"column":39}},"type":"binary-expr","locations":[{"start":{"line":62,"column":10},"end":{"line":62,"column":19}},{"start":{"line":62,"column":23},"end":{"line":62,"column":39}}],"line":62},"6":{"loc":{"start":{"line":65,"column":6},"end":{"line":102,"column":7}},"type":"if","locations":[{"start":{"line":65,"column":6},"end":{"line":102,"column":7}},{"start":{"line":83,"column":13},"end":{"line":102,"column":7}}],"line":65},"7":{"loc":{"start":{"line":67,"column":8},"end":{"line":72,"column":9}},"type":"if","locations":[{"start":{"line":67,"column":8},"end":{"line":72,"column":9}},{"start":{},"end":{}}],"line":67},"8":{"loc":{"start":{"line":67,"column":12},"end":{"line":67,"column":68}},"type":"binary-expr","locations":[{"start":{"line":67,"column":12},"end":{"line":67,"column":18}},{"start":{"line":67,"column":22},"end":{"line":67,"column":35}},{"start":{"line":67,"column":39},"end":{"line":67,"column":48}},{"start":{"line":67,"column":52},"end":{"line":67,"column":68}}],"line":67},"9":{"loc":{"start":{"line":83,"column":13},"end":{"line":102,"column":7}},"type":"if","locations":[{"start":{"line":83,"column":13},"end":{"line":102,"column":7}},{"start":{"line":100,"column":13},"end":{"line":102,"column":7}}],"line":83},"10":{"loc":{"start":{"line":118,"column":6},"end":{"line":133,"column":7}},"type":"if","locations":[{"start":{"line":118,"column":6},"end":{"line":133,"column":7}},{"start":{"line":124,"column":13},"end":{"line":133,"column":7}}],"line":118},"11":{"loc":{"start":{"line":118,"column":10},"end":{"line":118,"column":41}},"type":"binary-expr","locations":[{"start":{"line":118,"column":10},"end":{"line":118,"column":22}},{"start":{"line":118,"column":26},"end":{"line":118,"column":41}}],"line":118},"12":{"loc":{"start":{"line":143,"column":6},"end":{"line":145,"column":7}},"type":"if","locations":[{"start":{"line":143,"column":6},"end":{"line":145,"column":7}},{"start":{},"end":{}}],"line":143},"13":{"loc":{"start":{"line":165,"column":6},"end":{"line":167,"column":7}},"type":"if","locations":[{"start":{"line":165,"column":6},"end":{"line":167,"column":7}},{"start":{},"end":{}}],"line":165},"14":{"loc":{"start":{"line":170,"column":6},"end":{"line":172,"column":7}},"type":"if","locations":[{"start":{"line":170,"column":6},"end":{"line":172,"column":7}},{"start":{},"end":{}}],"line":170},"15":{"loc":{"start":{"line":170,"column":10},"end":{"line":170,"column":38}},"type":"binary-expr","locations":[{"start":{"line":170,"column":10},"end":{"line":170,"column":15}},{"start":{"line":170,"column":19},"end":{"line":170,"column":38}}],"line":170}},"s":{"0":1,"1":1,"2":1,"3":1,"4":1,"5":1,"6":1,"7":1,"8":1,"9":1,"10":5,"11":5,"12":5,"13":0,"14":5,"15":5,"16":3,"17":2,"18":2,"19":2,"20":2,"21":0,"22":0,"23":0,"24":0,"25":5,"26":5,"27":6,"28":6,"29":6,"30":0,"31":6,"32":6,"33":1,"34":5,"35":5,"36":5,"37":2,"38":3,"39":0,"40":0,"41":0,"42":0,"43":0,"44":0,"45":0,"46":0,"47":0,"48":0,"49":0,"50":0,"51":0,"52":0,"53":0,"54":5,"55":5,"56":0,"57":0,"58":0,"59":0,"60":0,"61":0,"62":0,"63":0,"64":0,"65":0,"66":0,"67":0,"68":0,"69":0,"70":0,"71":0,"72":0,"73":0,"74":0,"75":0,"76":0,"77":0,"78":0,"79":0,"80":0,"81":0,"82":0,"83":0,"84":0,"85":0,"86":0,"87":0,"88":0,"89":0,"90":0,"91":0,"92":0,"93":0,"94":0,"95":0,"96":0,"97":0,"98":0,"99":0,"100":0,"101":0,"102":0,"103":0,"104":0,"105":0,"106":0,"107":0},"f":{"0":5,"1":6,"2":0,"3":0,"4":0,"5":0},"b":{"0":[0,5],"1":[3,2],"2":[5,5,4,4,3,3],"3":[0,6],"4":[1,5],"5":[6,6],"6":[5,0],"7":[2,3],"8":[5,5,4,4],"9":[0,0],"10":[0,0],"11":[0,0],"12":[0,0],"13":[0,0],"14":[0,0],"15":[0,0]},"_coverageSchema":"1a1c01bbd47fc00a2c39e90264f33305004495a9","hash":"c69c0e22577cc000f16af4879d5b1f1a53c8e183"}
,"/Users/ptchen/Downloads/Campus-Summer-Back-End/Campus-Summer-Back-End/students/pei-tung/Canchu/app/server/models/eventModel.js": {"path":"/Users/ptchen/Downloads/Campus-Summer-Back-End/Campus-Summer-Back-End/students/pei-tung/Canchu/app/server/models/eventModel.js","statementMap":{"0":{"start":{"line":1,"column":14},"end":{"line":1,"column":31}},"1":{"start":{"line":2,"column":15},"end":{"line":2,"column":49}},"2":{"start":{"line":4,"column":16},"end":{"line":18,"column":2}},"3":{"start":{"line":20,"column":13},"end":{"line":20,"column":30}},"4":{"start":{"line":22,"column":0},"end":{"line":71,"column":2}},"5":{"start":{"line":24,"column":17},"end":{"line":24,"column":43}},"6":{"start":{"line":25,"column":4},"end":{"line":37,"column":5}},"7":{"start":{"line":26,"column":27},"end":{"line":26,"column":64}},"8":{"start":{"line":27,"column":32},"end":{"line":27,"column":77}},"9":{"start":{"line":28,"column":22},"end":{"line":28,"column":52}},"10":{"start":{"line":29,"column":21},"end":{"line":31,"column":29}},"11":{"start":{"line":32,"column":6},"end":{"line":32,"column":74}},"12":{"start":{"line":34,"column":6},"end":{"line":34,"column":27}},"13":{"start":{"line":36,"column":6},"end":{"line":36,"column":27}},"14":{"start":{"line":40,"column":17},"end":{"line":40,"column":43}},"15":{"start":{"line":41,"column":4},"end":{"line":54,"column":5}},"16":{"start":{"line":42,"column":24},"end":{"line":46,"column":32}},"17":{"start":{"line":47,"column":25},"end":{"line":47,"column":58}},"18":{"start":{"line":48,"column":6},"end":{"line":48,"column":22}},"19":{"start":{"line":50,"column":6},"end":{"line":50,"column":23}},"20":{"start":{"line":51,"column":6},"end":{"line":51,"column":27}},"21":{"start":{"line":53,"column":6},"end":{"line":53,"column":27}},"22":{"start":{"line":57,"column":17},"end":{"line":57,"column":43}},"23":{"start":{"line":58,"column":4},"end":{"line":69,"column":5}},"24":{"start":{"line":59,"column":6},"end":{"line":59,"column":21}},"25":{"start":{"line":60,"column":6},"end":{"line":60,"column":20}},"26":{"start":{"line":62,"column":8},"end":{"line":62,"column":91}},"27":{"start":{"line":63,"column":6},"end":{"line":63,"column":69}},"28":{"start":{"line":64,"column":6},"end":{"line":64,"column":21}},"29":{"start":{"line":66,"column":6},"end":{"line":66,"column":27}},"30":{"start":{"line":68,"column":6},"end":{"line":68,"column":27}}},"fnMap":{"0":{"name":"(anonymous_0)","decl":{"start":{"line":23,"column":8},"end":{"line":23,"column":9}},"loc":{"start":{"line":23,"column":56},"end":{"line":38,"column":3}},"line":23},"1":{"name":"(anonymous_1)","decl":{"start":{"line":39,"column":12},"end":{"line":39,"column":13}},"loc":{"start":{"line":39,"column":26},"end":{"line":55,"column":3}},"line":39},"2":{"name":"(anonymous_2)","decl":{"start":{"line":56,"column":13},"end":{"line":56,"column":14}},"loc":{"start":{"line":56,"column":40},"end":{"line":70,"column":3}},"line":56}},"branchMap":{},"s":{"0":1,"1":1,"2":1,"3":1,"4":1,"5":0,"6":0,"7":0,"8":0,"9":0,"10":0,"11":0,"12":0,"13":0,"14":0,"15":0,"16":0,"17":0,"18":0,"19":0,"20":0,"21":0,"22":0,"23":0,"24":0,"25":0,"26":0,"27":0,"28":0,"29":0,"30":0},"f":{"0":0,"1":0,"2":0},"b":{},"_coverageSchema":"1a1c01bbd47fc00a2c39e90264f33305004495a9","hash":"05290f7c6b7eac6107fce07c1301afff7e6d3d9a"}
,"/Users/ptchen/Downloads/Campus-Summer-Back-End/Campus-Summer-Back-End/students/pei-tung/Canchu/app/server/models/friendModel.js": {"path":"/Users/ptchen/Downloads/Campus-Summer-Back-End/Campus-Summer-Back-End/students/pei-tung/Canchu/app/server/models/friendModel.js","statementMap":{"0":{"start":{"line":1,"column":14},"end":{"line":1,"column":31}},"1":{"start":{"line":2,"column":15},"end":{"line":2,"column":49}},"2":{"start":{"line":4,"column":16},"end":{"line":18,"column":2}},"3":{"start":{"line":20,"column":13},"end":{"line":20,"column":30}},"4":{"start":{"line":22,"column":0},"end":{"line":202,"column":2}},"5":{"start":{"line":24,"column":17},"end":{"line":24,"column":43}},"6":{"start":{"line":25,"column":4},"end":{"line":49,"column":5}},"7":{"start":{"line":26,"column":27},"end":{"line":26,"column":35}},"8":{"start":{"line":27,"column":26},"end":{"line":36,"column":43}},"9":{"start":{"line":37,"column":23},"end":{"line":42,"column":8}},"10":{"start":{"line":43,"column":6},"end":{"line":43,"column":20}},"11":{"start":{"line":45,"column":6},"end":{"line":45,"column":23}},"12":{"start":{"line":46,"column":6},"end":{"line":46,"column":27}},"13":{"start":{"line":48,"column":6},"end":{"line":48,"column":27}},"14":{"start":{"line":52,"column":17},"end":{"line":52,"column":43}},"15":{"start":{"line":53,"column":4},"end":{"line":67,"column":5}},"16":{"start":{"line":55,"column":21},"end":{"line":55,"column":32}},"17":{"start":{"line":56,"column":30},"end":{"line":59,"column":54}},"18":{"start":{"line":60,"column":28},"end":{"line":60,"column":75}},"19":{"start":{"line":61,"column":6},"end":{"line":61,"column":25}},"20":{"start":{"line":63,"column":6},"end":{"line":63,"column":23}},"21":{"start":{"line":64,"column":6},"end":{"line":64,"column":27}},"22":{"start":{"line":66,"column":6},"end":{"line":66,"column":27}},"23":{"start":{"line":70,"column":17},"end":{"line":70,"column":43}},"24":{"start":{"line":71,"column":4},"end":{"line":117,"column":5}},"25":{"start":{"line":72,"column":26},"end":{"line":75,"column":50}},"26":{"start":{"line":76,"column":35},"end":{"line":81,"column":8}},"27":{"start":{"line":82,"column":6},"end":{"line":99,"column":7}},"28":{"start":{"line":83,"column":8},"end":{"line":98,"column":9}},"29":{"start":{"line":84,"column":10},"end":{"line":84,"column":67}},"30":{"start":{"line":85,"column":15},"end":{"line":98,"column":9}},"31":{"start":{"line":89,"column":10},"end":{"line":92,"column":12}},"32":{"start":{"line":93,"column":15},"end":{"line":98,"column":9}},"33":{"start":{"line":97,"column":10},"end":{"line":97,"column":80}},"34":{"start":{"line":100,"column":21},"end":{"line":100,"column":32}},"35":{"start":{"line":102,"column":8},"end":{"line":102,"column":79}},"36":{"start":{"line":103,"column":6},"end":{"line":103,"column":59}},"37":{"start":{"line":105,"column":8},"end":{"line":105,"column":75}},"38":{"start":{"line":106,"column":25},"end":{"line":106,"column":79}},"39":{"start":{"line":107,"column":6},"end":{"line":107,"column":23}},"40":{"start":{"line":109,"column":6},"end":{"line":114,"column":7}},"41":{"start":{"line":110,"column":8},"end":{"line":110,"column":18}},"42":{"start":{"line":112,"column":8},"end":{"line":112,"column":25}},"43":{"start":{"line":113,"column":8},"end":{"line":113,"column":29}},"44":{"start":{"line":116,"column":6},"end":{"line":116,"column":27}},"45":{"start":{"line":120,"column":17},"end":{"line":120,"column":43}},"46":{"start":{"line":121,"column":4},"end":{"line":151,"column":5}},"47":{"start":{"line":122,"column":24},"end":{"line":122,"column":32}},"48":{"start":{"line":123,"column":29},"end":{"line":123,"column":40}},"49":{"start":{"line":125,"column":8},"end":{"line":125,"column":79}},"50":{"start":{"line":126,"column":33},"end":{"line":130,"column":8}},"51":{"start":{"line":131,"column":6},"end":{"line":133,"column":7}},"52":{"start":{"line":132,"column":8},"end":{"line":132,"column":62}},"53":{"start":{"line":135,"column":8},"end":{"line":135,"column":72}},"54":{"start":{"line":136,"column":6},"end":{"line":141,"column":9}},"55":{"start":{"line":142,"column":6},"end":{"line":142,"column":17}},"56":{"start":{"line":144,"column":6},"end":{"line":148,"column":7}},"57":{"start":{"line":145,"column":8},"end":{"line":145,"column":18}},"58":{"start":{"line":147,"column":8},"end":{"line":147,"column":29}},"59":{"start":{"line":150,"column":6},"end":{"line":150,"column":27}},"60":{"start":{"line":154,"column":17},"end":{"line":154,"column":43}},"61":{"start":{"line":155,"column":4},"end":{"line":188,"column":5}},"62":{"start":{"line":156,"column":43},"end":{"line":159,"column":38}},"63":{"start":{"line":160,"column":36},"end":{"line":163,"column":7}},"64":{"start":{"line":164,"column":6},"end":{"line":166,"column":7}},"65":{"start":{"line":165,"column":8},"end":{"line":165,"column":62}},"66":{"start":{"line":168,"column":6},"end":{"line":172,"column":7}},"67":{"start":{"line":169,"column":8},"end":{"line":169,"column":54}},"68":{"start":{"line":170,"column":13},"end":{"line":172,"column":7}},"69":{"start":{"line":171,"column":8},"end":{"line":171,"column":55}},"70":{"start":{"line":173,"column":35},"end":{"line":176,"column":38}},"71":{"start":{"line":177,"column":6},"end":{"line":177,"column":67}},"72":{"start":{"line":178,"column":6},"end":{"line":178,"column":31}},"73":{"start":{"line":180,"column":6},"end":{"line":185,"column":7}},"74":{"start":{"line":181,"column":8},"end":{"line":181,"column":18}},"75":{"start":{"line":183,"column":8},"end":{"line":183,"column":25}},"76":{"start":{"line":184,"column":8},"end":{"line":184,"column":29}},"77":{"start":{"line":187,"column":6},"end":{"line":187,"column":27}},"78":{"start":{"line":191,"column":17},"end":{"line":191,"column":43}},"79":{"start":{"line":192,"column":4},"end":{"line":200,"column":5}},"80":{"start":{"line":193,"column":20},"end":{"line":193,"column":67}},"81":{"start":{"line":194,"column":25},"end":{"line":194,"column":64}},"82":{"start":{"line":195,"column":6},"end":{"line":195,"column":33}},"83":{"start":{"line":197,"column":6},"end":{"line":197,"column":27}},"84":{"start":{"line":199,"column":6},"end":{"line":199,"column":27}}},"fnMap":{"0":{"name":"(anonymous_0)","decl":{"start":{"line":23,"column":18},"end":{"line":23,"column":19}},"loc":{"start":{"line":23,"column":32},"end":{"line":50,"column":3}},"line":23},"1":{"name":"(anonymous_1)","decl":{"start":{"line":51,"column":11},"end":{"line":51,"column":12}},"loc":{"start":{"line":51,"column":25},"end":{"line":68,"column":3}},"line":51},"2":{"name":"(anonymous_2)","decl":{"start":{"line":69,"column":11},"end":{"line":69,"column":12}},"loc":{"start":{"line":69,"column":39},"end":{"line":118,"column":3}},"line":69},"3":{"name":"(anonymous_3)","decl":{"start":{"line":119,"column":9},"end":{"line":119,"column":10}},"loc":{"start":{"line":119,"column":29},"end":{"line":152,"column":3}},"line":119},"4":{"name":"(anonymous_4)","decl":{"start":{"line":153,"column":10},"end":{"line":153,"column":11}},"loc":{"start":{"line":153,"column":30},"end":{"line":189,"column":3}},"line":153},"5":{"name":"(anonymous_5)","decl":{"start":{"line":190,"column":31},"end":{"line":190,"column":32}},"loc":{"start":{"line":190,"column":55},"end":{"line":201,"column":3}},"line":190}},"branchMap":{"0":{"loc":{"start":{"line":82,"column":6},"end":{"line":99,"column":7}},"type":"if","locations":[{"start":{"line":82,"column":6},"end":{"line":99,"column":7}},{"start":{},"end":{}}],"line":82},"1":{"loc":{"start":{"line":83,"column":8},"end":{"line":98,"column":9}},"type":"if","locations":[{"start":{"line":83,"column":8},"end":{"line":98,"column":9}},{"start":{"line":85,"column":15},"end":{"line":98,"column":9}}],"line":83},"2":{"loc":{"start":{"line":85,"column":15},"end":{"line":98,"column":9}},"type":"if","locations":[{"start":{"line":85,"column":15},"end":{"line":98,"column":9}},{"start":{"line":93,"column":15},"end":{"line":98,"column":9}}],"line":85},"3":{"loc":{"start":{"line":86,"column":10},"end":{"line":87,"column":47}},"type":"binary-expr","locations":[{"start":{"line":86,"column":10},"end":{"line":86,"column":49}},{"start":{"line":87,"column":10},"end":{"line":87,"column":47}}],"line":86},"4":{"loc":{"start":{"line":93,"column":15},"end":{"line":98,"column":9}},"type":"if","locations":[{"start":{"line":93,"column":15},"end":{"line":98,"column":9}},{"start":{},"end":{}}],"line":93},"5":{"loc":{"start":{"line":94,"column":10},"end":{"line":95,"column":53}},"type":"binary-expr","locations":[{"start":{"line":94,"column":10},"end":{"line":94,"column":49}},{"start":{"line":95,"column":10},"end":{"line":95,"column":53}}],"line":94},"6":{"loc":{"start":{"line":109,"column":6},"end":{"line":114,"column":7}},"type":"if","locations":[{"start":{"line":109,"column":6},"end":{"line":114,"column":7}},{"start":{"line":111,"column":13},"end":{"line":114,"column":7}}],"line":109},"7":{"loc":{"start":{"line":131,"column":6},"end":{"line":133,"column":7}},"type":"if","locations":[{"start":{"line":131,"column":6},"end":{"line":133,"column":7}},{"start":{},"end":{}}],"line":131},"8":{"loc":{"start":{"line":144,"column":6},"end":{"line":148,"column":7}},"type":"if","locations":[{"start":{"line":144,"column":6},"end":{"line":148,"column":7}},{"start":{"line":146,"column":13},"end":{"line":148,"column":7}}],"line":144},"9":{"loc":{"start":{"line":164,"column":6},"end":{"line":166,"column":7}},"type":"if","locations":[{"start":{"line":164,"column":6},"end":{"line":166,"column":7}},{"start":{},"end":{}}],"line":164},"10":{"loc":{"start":{"line":168,"column":6},"end":{"line":172,"column":7}},"type":"if","locations":[{"start":{"line":168,"column":6},"end":{"line":172,"column":7}},{"start":{"line":170,"column":13},"end":{"line":172,"column":7}}],"line":168},"11":{"loc":{"start":{"line":170,"column":13},"end":{"line":172,"column":7}},"type":"if","locations":[{"start":{"line":170,"column":13},"end":{"line":172,"column":7}},{"start":{},"end":{}}],"line":170},"12":{"loc":{"start":{"line":180,"column":6},"end":{"line":185,"column":7}},"type":"if","locations":[{"start":{"line":180,"column":6},"end":{"line":185,"column":7}},{"start":{"line":182,"column":13},"end":{"line":185,"column":7}}],"line":180}},"s":{"0":1,"1":1,"2":1,"3":1,"4":1,"5":0,"6":0,"7":0,"8":0,"9":0,"10":0,"11":0,"12":0,"13":0,"14":0,"15":0,"16":0,"17":0,"18":0,"19":0,"20":0,"21":0,"22":0,"23":0,"24":0,"25":0,"26":0,"27":0,"28":0,"29":0,"30":0,"31":0,"32":0,"33":0,"34":0,"35":0,"36":0,"37":0,"38":0,"39":0,"40":0,"41":0,"42":0,"43":0,"44":0,"45":0,"46":0,"47":0,"48":0,"49":0,"50":0,"51":0,"52":0,"53":0,"54":0,"55":0,"56":0,"57":0,"58":0,"59":0,"60":0,"61":0,"62":0,"63":0,"64":0,"65":0,"66":0,"67":0,"68":0,"69":0,"70":0,"71":0,"72":0,"73":0,"74":0,"75":0,"76":0,"77":0,"78":0,"79":0,"80":0,"81":0,"82":0,"83":0,"84":0},"f":{"0":0,"1":0,"2":0,"3":0,"4":0,"5":0},"b":{"0":[0,0],"1":[0,0],"2":[0,0],"3":[0,0],"4":[0,0],"5":[0,0],"6":[0,0],"7":[0,0],"8":[0,0],"9":[0,0],"10":[0,0],"11":[0,0],"12":[0,0]},"_coverageSchema":"1a1c01bbd47fc00a2c39e90264f33305004495a9","hash":"7744abe1ce6c92f515c83289a99be03616ee39a4"}
,"/Users/ptchen/Downloads/Campus-Summer-Back-End/Campus-Summer-Back-End/students/pei-tung/Canchu/app/server/models/postModel.js": {"path":"/Users/ptchen/Downloads/Campus-Summer-Back-End/Campus-Summer-Back-End/students/pei-tung/Canchu/app/server/models/postModel.js","statementMap":{"0":{"start":{"line":1,"column":14},"end":{"line":1,"column":31}},"1":{"start":{"line":2,"column":15},"end":{"line":2,"column":49}},"2":{"start":{"line":4,"column":16},"end":{"line":18,"column":2}},"3":{"start":{"line":19,"column":13},"end":{"line":19,"column":30}},"4":{"start":{"line":21,"column":0},"end":{"line":371,"column":2}},"5":{"start":{"line":23,"column":17},"end":{"line":23,"column":43}},"6":{"start":{"line":24,"column":4},"end":{"line":32,"column":5}},"7":{"start":{"line":25,"column":25},"end":{"line":25,"column":97}},"8":{"start":{"line":26,"column":23},"end":{"line":26,"column":66}},"9":{"start":{"line":27,"column":6},"end":{"line":27,"column":29}},"10":{"start":{"line":29,"column":6},"end":{"line":29,"column":27}},"11":{"start":{"line":31,"column":6},"end":{"line":31,"column":27}},"12":{"start":{"line":35,"column":27},"end":{"line":35,"column":61}},"13":{"start":{"line":36,"column":21},"end":{"line":36,"column":59}},"14":{"start":{"line":37,"column":4},"end":{"line":39,"column":5}},"15":{"start":{"line":38,"column":6},"end":{"line":38,"column":19}},"16":{"start":{"line":40,"column":4},"end":{"line":40,"column":16}},"17":{"start":{"line":43,"column":17},"end":{"line":43,"column":43}},"18":{"start":{"line":44,"column":4},"end":{"line":64,"column":5}},"19":{"start":{"line":45,"column":28},"end":{"line":48,"column":7}},"20":{"start":{"line":49,"column":6},"end":{"line":51,"column":7}},"21":{"start":{"line":50,"column":8},"end":{"line":50,"column":56}},"22":{"start":{"line":53,"column":8},"end":{"line":53,"column":69}},"23":{"start":{"line":54,"column":6},"end":{"line":54,"column":62}},"24":{"start":{"line":55,"column":6},"end":{"line":55,"column":20}},"25":{"start":{"line":57,"column":6},"end":{"line":61,"column":7}},"26":{"start":{"line":58,"column":8},"end":{"line":58,"column":18}},"27":{"start":{"line":60,"column":8},"end":{"line":60,"column":29}},"28":{"start":{"line":63,"column":6},"end":{"line":63,"column":27}},"29":{"start":{"line":67,"column":17},"end":{"line":67,"column":43}},"30":{"start":{"line":68,"column":4},"end":{"line":94,"column":5}},"31":{"start":{"line":69,"column":28},"end":{"line":72,"column":7}},"32":{"start":{"line":73,"column":6},"end":{"line":75,"column":7}},"33":{"start":{"line":74,"column":8},"end":{"line":74,"column":56}},"34":{"start":{"line":77,"column":8},"end":{"line":77,"column":62}},"35":{"start":{"line":78,"column":23},"end":{"line":78,"column":77}},"36":{"start":{"line":79,"column":6},"end":{"line":81,"column":7}},"37":{"start":{"line":80,"column":8},"end":{"line":80,"column":69}},"38":{"start":{"line":82,"column":25},"end":{"line":82,"column":76}},"39":{"start":{"line":83,"column":6},"end":{"line":83,"column":61}},"40":{"start":{"line":84,"column":6},"end":{"line":84,"column":20}},"41":{"start":{"line":86,"column":6},"end":{"line":91,"column":7}},"42":{"start":{"line":87,"column":8},"end":{"line":87,"column":18}},"43":{"start":{"line":89,"column":8},"end":{"line":89,"column":25}},"44":{"start":{"line":90,"column":8},"end":{"line":90,"column":29}},"45":{"start":{"line":93,"column":6},"end":{"line":93,"column":27}},"46":{"start":{"line":97,"column":17},"end":{"line":97,"column":43}},"47":{"start":{"line":98,"column":4},"end":{"line":116,"column":5}},"48":{"start":{"line":100,"column":8},"end":{"line":100,"column":62}},"49":{"start":{"line":101,"column":23},"end":{"line":101,"column":73}},"50":{"start":{"line":102,"column":6},"end":{"line":104,"column":7}},"51":{"start":{"line":103,"column":8},"end":{"line":103,"column":56}},"52":{"start":{"line":105,"column":25},"end":{"line":105,"column":77}},"53":{"start":{"line":106,"column":6},"end":{"line":106,"column":53}},"54":{"start":{"line":107,"column":6},"end":{"line":107,"column":20}},"55":{"start":{"line":109,"column":6},"end":{"line":113,"column":7}},"56":{"start":{"line":110,"column":8},"end":{"line":110,"column":18}},"57":{"start":{"line":112,"column":8},"end":{"line":112,"column":29}},"58":{"start":{"line":115,"column":6},"end":{"line":115,"column":27}},"59":{"start":{"line":119,"column":17},"end":{"line":119,"column":43}},"60":{"start":{"line":120,"column":4},"end":{"line":139,"column":5}},"61":{"start":{"line":121,"column":28},"end":{"line":124,"column":7}},"62":{"start":{"line":125,"column":6},"end":{"line":127,"column":7}},"63":{"start":{"line":126,"column":8},"end":{"line":126,"column":56}},"64":{"start":{"line":128,"column":25},"end":{"line":128,"column":101}},"65":{"start":{"line":129,"column":23},"end":{"line":129,"column":78}},"66":{"start":{"line":130,"column":6},"end":{"line":130,"column":29}},"67":{"start":{"line":132,"column":6},"end":{"line":136,"column":7}},"68":{"start":{"line":133,"column":8},"end":{"line":133,"column":18}},"69":{"start":{"line":135,"column":8},"end":{"line":135,"column":29}},"70":{"start":{"line":138,"column":6},"end":{"line":138,"column":27}},"71":{"start":{"line":142,"column":17},"end":{"line":142,"column":43}},"72":{"start":{"line":143,"column":4},"end":{"line":215,"column":5}},"73":{"start":{"line":144,"column":28},"end":{"line":147,"column":7}},"74":{"start":{"line":148,"column":6},"end":{"line":150,"column":7}},"75":{"start":{"line":149,"column":8},"end":{"line":149,"column":56}},"76":{"start":{"line":151,"column":28},"end":{"line":163,"column":22}},"77":{"start":{"line":164,"column":32},"end":{"line":168,"column":8}},"78":{"start":{"line":169,"column":19},"end":{"line":169,"column":21}},"79":{"start":{"line":170,"column":6},"end":{"line":183,"column":8}},"80":{"start":{"line":184,"column":6},"end":{"line":187,"column":7}},"81":{"start":{"line":185,"column":8},"end":{"line":185,"column":36}},"82":{"start":{"line":186,"column":8},"end":{"line":186,"column":22}},"83":{"start":{"line":188,"column":28},"end":{"line":193,"column":23}},"84":{"start":{"line":194,"column":30},"end":{"line":194,"column":71}},"85":{"start":{"line":195,"column":6},"end":{"line":205,"column":7}},"86":{"start":{"line":195,"column":19},"end":{"line":195,"column":20}},"87":{"start":{"line":197,"column":10},"end":{"line":197,"column":26}},"88":{"start":{"line":198,"column":20},"end":{"line":203,"column":9}},"89":{"start":{"line":204,"column":8},"end":{"line":204,"column":39}},"90":{"start":{"line":206,"column":6},"end":{"line":206,"column":20}},"91":{"start":{"line":208,"column":6},"end":{"line":212,"column":7}},"92":{"start":{"line":209,"column":8},"end":{"line":209,"column":18}},"93":{"start":{"line":211,"column":8},"end":{"line":211,"column":29}},"94":{"start":{"line":214,"column":6},"end":{"line":214,"column":27}},"95":{"start":{"line":218,"column":17},"end":{"line":218,"column":43}},"96":{"start":{"line":219,"column":4},"end":{"line":276,"column":5}},"97":{"start":{"line":220,"column":27},"end":{"line":220,"column":35}},"98":{"start":{"line":221,"column":28},"end":{"line":248,"column":15}},"99":{"start":{"line":249,"column":27},"end":{"line":258,"column":8}},"100":{"start":{"line":270,"column":6},"end":{"line":270,"column":24}},"101":{"start":{"line":272,"column":6},"end":{"line":272,"column":23}},"102":{"start":{"line":273,"column":6},"end":{"line":273,"column":27}},"103":{"start":{"line":275,"column":6},"end":{"line":275,"column":27}},"104":{"start":{"line":279,"column":17},"end":{"line":279,"column":43}},"105":{"start":{"line":280,"column":4},"end":{"line":317,"column":5}},"106":{"start":{"line":281,"column":33},"end":{"line":281,"column":68}},"107":{"start":{"line":282,"column":30},"end":{"line":282,"column":78}},"108":{"start":{"line":283,"column":6},"end":{"line":285,"column":7}},"109":{"start":{"line":284,"column":8},"end":{"line":284,"column":56}},"110":{"start":{"line":286,"column":34},"end":{"line":300,"column":19}},"111":{"start":{"line":301,"column":33},"end":{"line":306,"column":8}},"112":{"start":{"line":307,"column":6},"end":{"line":307,"column":35}},"113":{"start":{"line":309,"column":6},"end":{"line":314,"column":7}},"114":{"start":{"line":310,"column":8},"end":{"line":310,"column":18}},"115":{"start":{"line":312,"column":8},"end":{"line":312,"column":25}},"116":{"start":{"line":313,"column":8},"end":{"line":313,"column":29}},"117":{"start":{"line":316,"column":6},"end":{"line":316,"column":27}},"118":{"start":{"line":320,"column":17},"end":{"line":320,"column":43}},"119":{"start":{"line":321,"column":4},"end":{"line":330,"column":5}},"120":{"start":{"line":322,"column":20},"end":{"line":322,"column":68}},"121":{"start":{"line":323,"column":25},"end":{"line":323,"column":48}},"122":{"start":{"line":324,"column":6},"end":{"line":324,"column":23}},"123":{"start":{"line":326,"column":6},"end":{"line":326,"column":23}},"124":{"start":{"line":327,"column":6},"end":{"line":327,"column":27}},"125":{"start":{"line":329,"column":6},"end":{"line":329,"column":27}}},"fnMap":{"0":{"name":"(anonymous_0)","decl":{"start":{"line":22,"column":8},"end":{"line":22,"column":9}},"loc":{"start":{"line":22,"column":31},"end":{"line":33,"column":3}},"line":22},"1":{"name":"(anonymous_1)","decl":{"start":{"line":34,"column":26},"end":{"line":34,"column":27}},"loc":{"start":{"line":34,"column":46},"end":{"line":41,"column":3}},"line":34},"2":{"name":"(anonymous_2)","decl":{"start":{"line":42,"column":15},"end":{"line":42,"column":16}},"loc":{"start":{"line":42,"column":50},"end":{"line":65,"column":3}},"line":42},"3":{"name":"(anonymous_3)","decl":{"start":{"line":66,"column":14},"end":{"line":66,"column":15}},"loc":{"start":{"line":66,"column":40},"end":{"line":95,"column":3}},"line":66},"4":{"name":"(anonymous_4)","decl":{"start":{"line":96,"column":14},"end":{"line":96,"column":15}},"loc":{"start":{"line":96,"column":40},"end":{"line":117,"column":3}},"line":96},"5":{"name":"(anonymous_5)","decl":{"start":{"line":118,"column":17},"end":{"line":118,"column":18}},"loc":{"start":{"line":118,"column":52},"end":{"line":140,"column":3}},"line":118},"6":{"name":"(anonymous_6)","decl":{"start":{"line":141,"column":17},"end":{"line":141,"column":18}},"loc":{"start":{"line":141,"column":43},"end":{"line":216,"column":3}},"line":141},"7":{"name":"(anonymous_7)","decl":{"start":{"line":217,"column":17},"end":{"line":217,"column":18}},"loc":{"start":{"line":217,"column":54},"end":{"line":277,"column":3}},"line":217},"8":{"name":"(anonymous_8)","decl":{"start":{"line":278,"column":23},"end":{"line":278,"column":24}},"loc":{"start":{"line":278,"column":72},"end":{"line":318,"column":3}},"line":278},"9":{"name":"(anonymous_9)","decl":{"start":{"line":319,"column":18},"end":{"line":319,"column":19}},"loc":{"start":{"line":319,"column":30},"end":{"line":331,"column":3}},"line":319}},"branchMap":{"0":{"loc":{"start":{"line":37,"column":4},"end":{"line":39,"column":5}},"type":"if","locations":[{"start":{"line":37,"column":4},"end":{"line":39,"column":5}},{"start":{},"end":{}}],"line":37},"1":{"loc":{"start":{"line":49,"column":6},"end":{"line":51,"column":7}},"type":"if","locations":[{"start":{"line":49,"column":6},"end":{"line":51,"column":7}},{"start":{},"end":{}}],"line":49},"2":{"loc":{"start":{"line":57,"column":6},"end":{"line":61,"column":7}},"type":"if","locations":[{"start":{"line":57,"column":6},"end":{"line":61,"column":7}},{"start":{"line":59,"column":13},"end":{"line":61,"column":7}}],"line":57},"3":{"loc":{"start":{"line":73,"column":6},"end":{"line":75,"column":7}},"type":"if","locations":[{"start":{"line":73,"column":6},"end":{"line":75,"column":7}},{"start":{},"end":{}}],"line":73},"4":{"loc":{"start":{"line":79,"column":6},"end":{"line":81,"column":7}},"type":"if","locations":[{"start":{"line":79,"column":6},"end":{"line":81,"column":7}},{"start":{},"end":{}}],"line":79},"5":{"loc":{"start":{"line":86,"column":6},"end":{"line":91,"column":7}},"type":"if","locations":[{"start":{"line":86,"column":6},"end":{"line":91,"column":7}},{"start":{"line":88,"column":13},"end":{"line":91,"column":7}}],"line":86},"6":{"loc":{"start":{"line":102,"column":6},"end":{"line":104,"column":7}},"type":"if","locations":[{"start":{"line":102,"column":6},"end":{"line":104,"column":7}},{"start":{},"end":{}}],"line":102},"7":{"loc":{"start":{"line":109,"column":6},"end":{"line":113,"column":7}},"type":"if","locations":[{"start":{"line":109,"column":6},"end":{"line":113,"column":7}},{"start":{"line":111,"column":13},"end":{"line":113,"column":7}}],"line":109},"8":{"loc":{"start":{"line":125,"column":6},"end":{"line":127,"column":7}},"type":"if","locations":[{"start":{"line":125,"column":6},"end":{"line":127,"column":7}},{"start":{},"end":{}}],"line":125},"9":{"loc":{"start":{"line":132,"column":6},"end":{"line":136,"column":7}},"type":"if","locations":[{"start":{"line":132,"column":6},"end":{"line":136,"column":7}},{"start":{"line":134,"column":13},"end":{"line":136,"column":7}}],"line":132},"10":{"loc":{"start":{"line":148,"column":6},"end":{"line":150,"column":7}},"type":"if","locations":[{"start":{"line":148,"column":6},"end":{"line":150,"column":7}},{"start":{},"end":{}}],"line":148},"11":{"loc":{"start":{"line":184,"column":6},"end":{"line":187,"column":7}},"type":"if","locations":[{"start":{"line":184,"column":6},"end":{"line":187,"column":7}},{"start":{},"end":{}}],"line":184},"12":{"loc":{"start":{"line":208,"column":6},"end":{"line":212,"column":7}},"type":"if","locations":[{"start":{"line":208,"column":6},"end":{"line":212,"column":7}},{"start":{"line":210,"column":13},"end":{"line":212,"column":7}}],"line":208},"13":{"loc":{"start":{"line":283,"column":6},"end":{"line":285,"column":7}},"type":"if","locations":[{"start":{"line":283,"column":6},"end":{"line":285,"column":7}},{"start":{},"end":{}}],"line":283},"14":{"loc":{"start":{"line":309,"column":6},"end":{"line":314,"column":7}},"type":"if","locations":[{"start":{"line":309,"column":6},"end":{"line":314,"column":7}},{"start":{"line":311,"column":13},"end":{"line":314,"column":7}}],"line":309}},"s":{"0":1,"1":1,"2":1,"3":1,"4":1,"5":0,"6":0,"7":0,"8":0,"9":0,"10":0,"11":0,"12":0,"13":0,"14":0,"15":0,"16":0,"17":0,"18":0,"19":0,"20":0,"21":0,"22":0,"23":0,"24":0,"25":0,"26":0,"27":0,"28":0,"29":0,"30":0,"31":0,"32":0,"33":0,"34":0,"35":0,"36":0,"37":0,"38":0,"39":0,"40":0,"41":0,"42":0,"43":0,"44":0,"45":0,"46":0,"47":0,"48":0,"49":0,"50":0,"51":0,"52":0,"53":0,"54":0,"55":0,"56":0,"57":0,"58":0,"59":0,"60":0,"61":0,"62":0,"63":0,"64":0,"65":0,"66":0,"67":0,"68":0,"69":0,"70":0,"71":0,"72":0,"73":0,"74":0,"75":0,"76":0,"77":0,"78":0,"79":0,"80":0,"81":0,"82":0,"83":0,"84":0,"85":0,"86":0,"87":0,"88":0,"89":0,"90":0,"91":0,"92":0,"93":0,"94":0,"95":0,"96":0,"97":0,"98":0,"99":0,"100":0,"101":0,"102":0,"103":0,"104":0,"105":0,"106":0,"107":0,"108":0,"109":0,"110":0,"111":0,"112":0,"113":0,"114":0,"115":0,"116":0,"117":0,"118":0,"119":0,"120":0,"121":0,"122":0,"123":0,"124":0,"125":0},"f":{"0":0,"1":0,"2":0,"3":0,"4":0,"5":0,"6":0,"7":0,"8":0,"9":0},"b":{"0":[0,0],"1":[0,0],"2":[0,0],"3":[0,0],"4":[0,0],"5":[0,0],"6":[0,0],"7":[0,0],"8":[0,0],"9":[0,0],"10":[0,0],"11":[0,0],"12":[0,0],"13":[0,0],"14":[0,0]},"_coverageSchema":"1a1c01bbd47fc00a2c39e90264f33305004495a9","hash":"7d9c696c71cb4e2527475ed733cb34b93d717ec8"}
,"/Users/ptchen/Downloads/Campus-Summer-Back-End/Campus-Summer-Back-End/students/pei-tung/Canchu/app/server/models/userModel.js": {"path":"/Users/ptchen/Downloads/Campus-Summer-Back-End/Campus-Summer-Back-End/students/pei-tung/Canchu/app/server/models/userModel.js","statementMap":{"0":{"start":{"line":1,"column":14},"end":{"line":1,"column":31}},"1":{"start":{"line":2,"column":15},"end":{"line":2,"column":34}},"2":{"start":{"line":3,"column":15},"end":{"line":3,"column":49}},"3":{"start":{"line":5,"column":16},"end":{"line":22,"column":2}},"4":{"start":{"line":24,"column":13},"end":{"line":24,"column":30}},"5":{"start":{"line":26,"column":0},"end":{"line":260,"column":2}},"6":{"start":{"line":28,"column":17},"end":{"line":28,"column":43}},"7":{"start":{"line":29,"column":4},"end":{"line":57,"column":5}},"8":{"start":{"line":30,"column":37},"end":{"line":30,"column":78}},"9":{"start":{"line":31,"column":31},"end":{"line":33,"column":8}},"10":{"start":{"line":34,"column":6},"end":{"line":36,"column":7}},"11":{"start":{"line":35,"column":8},"end":{"line":35,"column":77}},"12":{"start":{"line":38,"column":8},"end":{"line":38,"column":78}},"13":{"start":{"line":39,"column":6},"end":{"line":39,"column":74}},"14":{"start":{"line":40,"column":29},"end":{"line":40,"column":66}},"15":{"start":{"line":41,"column":27},"end":{"line":41,"column":68}},"16":{"start":{"line":42,"column":6},"end":{"line":42,"column":22}},"17":{"start":{"line":44,"column":6},"end":{"line":49,"column":7}},"18":{"start":{"line":45,"column":8},"end":{"line":45,"column":18}},"19":{"start":{"line":47,"column":8},"end":{"line":47,"column":25}},"20":{"start":{"line":48,"column":8},"end":{"line":48,"column":29}},"21":{"start":{"line":51,"column":6},"end":{"line":51,"column":21}},"22":{"start":{"line":60,"column":17},"end":{"line":60,"column":43}},"23":{"start":{"line":61,"column":4},"end":{"line":87,"column":5}},"24":{"start":{"line":62,"column":34},"end":{"line":62,"column":78}},"25":{"start":{"line":63,"column":29},"end":{"line":63,"column":75}},"26":{"start":{"line":64,"column":6},"end":{"line":66,"column":7}},"27":{"start":{"line":65,"column":8},"end":{"line":65,"column":71}},"28":{"start":{"line":67,"column":28},"end":{"line":70,"column":7}},"29":{"start":{"line":71,"column":6},"end":{"line":77,"column":7}},"30":{"start":{"line":72,"column":35},"end":{"line":72,"column":72}},"31":{"start":{"line":73,"column":27},"end":{"line":73,"column":72}},"32":{"start":{"line":74,"column":8},"end":{"line":74,"column":22}},"33":{"start":{"line":76,"column":8},"end":{"line":76,"column":72}},"34":{"start":{"line":79,"column":6},"end":{"line":84,"column":7}},"35":{"start":{"line":80,"column":8},"end":{"line":80,"column":18}},"36":{"start":{"line":82,"column":8},"end":{"line":82,"column":25}},"37":{"start":{"line":83,"column":8},"end":{"line":83,"column":29}},"38":{"start":{"line":86,"column":6},"end":{"line":86,"column":27}},"39":{"start":{"line":90,"column":17},"end":{"line":90,"column":43}},"40":{"start":{"line":91,"column":4},"end":{"line":107,"column":5}},"41":{"start":{"line":93,"column":8},"end":{"line":93,"column":49}},"42":{"start":{"line":94,"column":23},"end":{"line":94,"column":75}},"43":{"start":{"line":95,"column":6},"end":{"line":99,"column":7}},"44":{"start":{"line":97,"column":10},"end":{"line":97,"column":68}},"45":{"start":{"line":98,"column":8},"end":{"line":98,"column":62}},"46":{"start":{"line":100,"column":33},"end":{"line":100,"column":70}},"47":{"start":{"line":101,"column":33},"end":{"line":101,"column":78}},"48":{"start":{"line":102,"column":6},"end":{"line":102,"column":28}},"49":{"start":{"line":104,"column":6},"end":{"line":104,"column":27}},"50":{"start":{"line":106,"column":6},"end":{"line":106,"column":27}},"51":{"start":{"line":110,"column":25},"end":{"line":110,"column":60}},"52":{"start":{"line":111,"column":21},"end":{"line":111,"column":57}},"53":{"start":{"line":112,"column":4},"end":{"line":116,"column":5}},"54":{"start":{"line":113,"column":6},"end":{"line":113,"column":19}},"55":{"start":{"line":115,"column":6},"end":{"line":115,"column":18}},"56":{"start":{"line":119,"column":17},"end":{"line":119,"column":43}},"57":{"start":{"line":120,"column":4},"end":{"line":177,"column":5}},"58":{"start":{"line":121,"column":28},"end":{"line":124,"column":7}},"59":{"start":{"line":125,"column":6},"end":{"line":127,"column":7}},"60":{"start":{"line":126,"column":8},"end":{"line":126,"column":56}},"61":{"start":{"line":129,"column":8},"end":{"line":129,"column":78}},"62":{"start":{"line":130,"column":23},"end":{"line":130,"column":68}},"63":{"start":{"line":131,"column":27},"end":{"line":131,"column":35}},"64":{"start":{"line":132,"column":30},"end":{"line":134,"column":44}},"65":{"start":{"line":135,"column":30},"end":{"line":140,"column":8}},"66":{"start":{"line":141,"column":6},"end":{"line":141,"column":55}},"67":{"start":{"line":142,"column":35},"end":{"line":144,"column":48}},"68":{"start":{"line":145,"column":33},"end":{"line":150,"column":8}},"69":{"start":{"line":151,"column":6},"end":{"line":166,"column":7}},"70":{"start":{"line":152,"column":8},"end":{"line":152,"column":36}},"71":{"start":{"line":153,"column":13},"end":{"line":166,"column":7}},"72":{"start":{"line":157,"column":8},"end":{"line":160,"column":10}},"73":{"start":{"line":162,"column":8},"end":{"line":165,"column":10}},"74":{"start":{"line":167,"column":6},"end":{"line":167,"column":23}},"75":{"start":{"line":169,"column":6},"end":{"line":174,"column":7}},"76":{"start":{"line":170,"column":8},"end":{"line":170,"column":18}},"77":{"start":{"line":172,"column":8},"end":{"line":172,"column":25}},"78":{"start":{"line":173,"column":8},"end":{"line":173,"column":29}},"79":{"start":{"line":176,"column":6},"end":{"line":176,"column":27}},"80":{"start":{"line":180,"column":17},"end":{"line":180,"column":43}},"81":{"start":{"line":181,"column":4},"end":{"line":203,"column":5}},"82":{"start":{"line":182,"column":28},"end":{"line":185,"column":7}},"83":{"start":{"line":186,"column":6},"end":{"line":188,"column":7}},"84":{"start":{"line":187,"column":8},"end":{"line":187,"column":56}},"85":{"start":{"line":189,"column":19},"end":{"line":189,"column":34}},"86":{"start":{"line":190,"column":21},"end":{"line":190,"column":58}},"87":{"start":{"line":191,"column":29},"end":{"line":191,"column":72}},"88":{"start":{"line":192,"column":6},"end":{"line":192,"column":53}},"89":{"start":{"line":193,"column":6},"end":{"line":193,"column":20}},"90":{"start":{"line":195,"column":6},"end":{"line":200,"column":7}},"91":{"start":{"line":196,"column":8},"end":{"line":196,"column":18}},"92":{"start":{"line":198,"column":8},"end":{"line":198,"column":25}},"93":{"start":{"line":199,"column":8},"end":{"line":199,"column":29}},"94":{"start":{"line":202,"column":6},"end":{"line":202,"column":27}},"95":{"start":{"line":206,"column":17},"end":{"line":206,"column":43}},"96":{"start":{"line":207,"column":4},"end":{"line":227,"column":5}},"97":{"start":{"line":208,"column":28},"end":{"line":211,"column":7}},"98":{"start":{"line":212,"column":6},"end":{"line":214,"column":7}},"99":{"start":{"line":213,"column":8},"end":{"line":213,"column":56}},"100":{"start":{"line":216,"column":8},"end":{"line":216,"column":76}},"101":{"start":{"line":217,"column":6},"end":{"line":217,"column":60}},"102":{"start":{"line":218,"column":6},"end":{"line":218,"column":16}},"103":{"start":{"line":220,"column":6},"end":{"line":224,"column":7}},"104":{"start":{"line":221,"column":8},"end":{"line":221,"column":18}},"105":{"start":{"line":223,"column":8},"end":{"line":223,"column":29}},"106":{"start":{"line":226,"column":6},"end":{"line":226,"column":27}},"107":{"start":{"line":230,"column":17},"end":{"line":230,"column":43}},"108":{"start":{"line":231,"column":4},"end":{"line":258,"column":5}},"109":{"start":{"line":232,"column":25},"end":{"line":232,"column":39}},"110":{"start":{"line":233,"column":24},"end":{"line":239,"column":25}},"111":{"start":{"line":240,"column":23},"end":{"line":240,"column":76}},"112":{"start":{"line":241,"column":6},"end":{"line":252,"column":7}},"113":{"start":{"line":241,"column":19},"end":{"line":241,"column":20}},"114":{"start":{"line":242,"column":8},"end":{"line":245,"column":9}},"115":{"start":{"line":243,"column":10},"end":{"line":243,"column":30}},"116":{"start":{"line":244,"column":10},"end":{"line":244,"column":34}},"117":{"start":{"line":246,"column":8},"end":{"line":251,"column":9}},"118":{"start":{"line":250,"column":10},"end":{"line":250,"column":39}},"119":{"start":{"line":253,"column":6},"end":{"line":253,"column":20}},"120":{"start":{"line":255,"column":6},"end":{"line":255,"column":27}},"121":{"start":{"line":257,"column":6},"end":{"line":257,"column":27}}},"fnMap":{"0":{"name":"(anonymous_0)","decl":{"start":{"line":27,"column":10},"end":{"line":27,"column":11}},"loc":{"start":{"line":27,"column":53},"end":{"line":58,"column":3}},"line":27},"1":{"name":"(anonymous_1)","decl":{"start":{"line":59,"column":16},"end":{"line":59,"column":17}},"loc":{"start":{"line":59,"column":43},"end":{"line":88,"column":3}},"line":59},"2":{"name":"(anonymous_2)","decl":{"start":{"line":89,"column":12},"end":{"line":89,"column":13}},"loc":{"start":{"line":89,"column":45},"end":{"line":108,"column":3}},"line":89},"3":{"name":"(anonymous_3)","decl":{"start":{"line":109,"column":26},"end":{"line":109,"column":27}},"loc":{"start":{"line":109,"column":46},"end":{"line":117,"column":3}},"line":109},"4":{"name":"(anonymous_4)","decl":{"start":{"line":118,"column":15},"end":{"line":118,"column":16}},"loc":{"start":{"line":118,"column":41},"end":{"line":178,"column":3}},"line":118},"5":{"name":"(anonymous_5)","decl":{"start":{"line":179,"column":21},"end":{"line":179,"column":22}},"loc":{"start":{"line":179,"column":44},"end":{"line":204,"column":3}},"line":179},"6":{"name":"(anonymous_6)","decl":{"start":{"line":205,"column":21},"end":{"line":205,"column":22}},"loc":{"start":{"line":205,"column":54},"end":{"line":228,"column":3}},"line":205},"7":{"name":"(anonymous_7)","decl":{"start":{"line":229,"column":10},"end":{"line":229,"column":11}},"loc":{"start":{"line":229,"column":35},"end":{"line":259,"column":3}},"line":229}},"branchMap":{"0":{"loc":{"start":{"line":34,"column":6},"end":{"line":36,"column":7}},"type":"if","locations":[{"start":{"line":34,"column":6},"end":{"line":36,"column":7}},{"start":{},"end":{}}],"line":34},"1":{"loc":{"start":{"line":44,"column":6},"end":{"line":49,"column":7}},"type":"if","locations":[{"start":{"line":44,"column":6},"end":{"line":49,"column":7}},{"start":{"line":46,"column":13},"end":{"line":49,"column":7}}],"line":44},"2":{"loc":{"start":{"line":64,"column":6},"end":{"line":66,"column":7}},"type":"if","locations":[{"start":{"line":64,"column":6},"end":{"line":66,"column":7}},{"start":{},"end":{}}],"line":64},"3":{"loc":{"start":{"line":71,"column":6},"end":{"line":77,"column":7}},"type":"if","locations":[{"start":{"line":71,"column":6},"end":{"line":77,"column":7}},{"start":{"line":75,"column":13},"end":{"line":77,"column":7}}],"line":71},"4":{"loc":{"start":{"line":79,"column":6},"end":{"line":84,"column":7}},"type":"if","locations":[{"start":{"line":79,"column":6},"end":{"line":84,"column":7}},{"start":{"line":81,"column":13},"end":{"line":84,"column":7}}],"line":79},"5":{"loc":{"start":{"line":95,"column":6},"end":{"line":99,"column":7}},"type":"if","locations":[{"start":{"line":95,"column":6},"end":{"line":99,"column":7}},{"start":{},"end":{}}],"line":95},"6":{"loc":{"start":{"line":112,"column":4},"end":{"line":116,"column":5}},"type":"if","locations":[{"start":{"line":112,"column":4},"end":{"line":116,"column":5}},{"start":{"line":114,"column":11},"end":{"line":116,"column":5}}],"line":112},"7":{"loc":{"start":{"line":125,"column":6},"end":{"line":127,"column":7}},"type":"if","locations":[{"start":{"line":125,"column":6},"end":{"line":127,"column":7}},{"start":{},"end":{}}],"line":125},"8":{"loc":{"start":{"line":151,"column":6},"end":{"line":166,"column":7}},"type":"if","locations":[{"start":{"line":151,"column":6},"end":{"line":166,"column":7}},{"start":{"line":153,"column":13},"end":{"line":166,"column":7}}],"line":151},"9":{"loc":{"start":{"line":153,"column":13},"end":{"line":166,"column":7}},"type":"if","locations":[{"start":{"line":153,"column":13},"end":{"line":166,"column":7}},{"start":{"line":161,"column":13},"end":{"line":166,"column":7}}],"line":153},"10":{"loc":{"start":{"line":154,"column":8},"end":{"line":155,"column":50}},"type":"binary-expr","locations":[{"start":{"line":154,"column":8},"end":{"line":154,"column":48}},{"start":{"line":155,"column":8},"end":{"line":155,"column":50}}],"line":154},"11":{"loc":{"start":{"line":169,"column":6},"end":{"line":174,"column":7}},"type":"if","locations":[{"start":{"line":169,"column":6},"end":{"line":174,"column":7}},{"start":{"line":171,"column":13},"end":{"line":174,"column":7}}],"line":169},"12":{"loc":{"start":{"line":186,"column":6},"end":{"line":188,"column":7}},"type":"if","locations":[{"start":{"line":186,"column":6},"end":{"line":188,"column":7}},{"start":{},"end":{}}],"line":186},"13":{"loc":{"start":{"line":195,"column":6},"end":{"line":200,"column":7}},"type":"if","locations":[{"start":{"line":195,"column":6},"end":{"line":200,"column":7}},{"start":{"line":197,"column":13},"end":{"line":200,"column":7}}],"line":195},"14":{"loc":{"start":{"line":212,"column":6},"end":{"line":214,"column":7}},"type":"if","locations":[{"start":{"line":212,"column":6},"end":{"line":214,"column":7}},{"start":{},"end":{}}],"line":212},"15":{"loc":{"start":{"line":220,"column":6},"end":{"line":224,"column":7}},"type":"if","locations":[{"start":{"line":220,"column":6},"end":{"line":224,"column":7}},{"start":{"line":222,"column":13},"end":{"line":224,"column":7}}],"line":220},"16":{"loc":{"start":{"line":242,"column":8},"end":{"line":245,"column":9}},"type":"if","locations":[{"start":{"line":242,"column":8},"end":{"line":245,"column":9}},{"start":{},"end":{}}],"line":242},"17":{"loc":{"start":{"line":242,"column":12},"end":{"line":242,"column":77}},"type":"binary-expr","locations":[{"start":{"line":242,"column":12},"end":{"line":242,"column":42}},{"start":{"line":242,"column":46},"end":{"line":242,"column":77}}],"line":242},"18":{"loc":{"start":{"line":246,"column":8},"end":{"line":251,"column":9}},"type":"if","locations":[{"start":{"line":246,"column":8},"end":{"line":251,"column":9}},{"start":{},"end":{}}],"line":246},"19":{"loc":{"start":{"line":247,"column":10},"end":{"line":248,"column":42}},"type":"binary-expr","locations":[{"start":{"line":247,"column":10},"end":{"line":247,"column":40}},{"start":{"line":248,"column":10},"end":{"line":248,"column":42}}],"line":247}},"s":{"0":1,"1":1,"2":1,"3":1,"4":1,"5":1,"6":2,"7":0,"8":0,"9":0,"10":0,"11":0,"12":0,"13":0,"14":0,"15":0,"16":0,"17":0,"18":0,"19":0,"20":0,"21":0,"22":3,"23":0,"24":0,"25":0,"26":0,"27":0,"28":0,"29":0,"30":0,"31":0,"32":0,"33":0,"34":0,"35":0,"36":0,"37":0,"38":0,"39":0,"40":0,"41":0,"42":0,"43":0,"44":0,"45":0,"46":0,"47":0,"48":0,"49":0,"50":0,"51":0,"52":0,"53":0,"54":0,"55":0,"56":0,"57":0,"58":0,"59":0,"60":0,"61":0,"62":0,"63":0,"64":0,"65":0,"66":0,"67":0,"68":0,"69":0,"70":0,"71":0,"72":0,"73":0,"74":0,"75":0,"76":0,"77":0,"78":0,"79":0,"80":0,"81":0,"82":0,"83":0,"84":0,"85":0,"86":0,"87":0,"88":0,"89":0,"90":0,"91":0,"92":0,"93":0,"94":0,"95":0,"96":0,"97":0,"98":0,"99":0,"100":0,"101":0,"102":0,"103":0,"104":0,"105":0,"106":0,"107":0,"108":0,"109":0,"110":0,"111":0,"112":0,"113":0,"114":0,"115":0,"116":0,"117":0,"118":0,"119":0,"120":0,"121":0},"f":{"0":2,"1":3,"2":0,"3":0,"4":0,"5":0,"6":0,"7":0},"b":{"0":[0,0],"1":[0,0],"2":[0,0],"3":[0,0],"4":[0,0],"5":[0,0],"6":[0,0],"7":[0,0],"8":[0,0],"9":[0,0],"10":[0,0],"11":[0,0],"12":[0,0],"13":[0,0],"14":[0,0],"15":[0,0],"16":[0,0],"17":[0,0],"18":[0,0],"19":[0,0]},"_coverageSchema":"1a1c01bbd47fc00a2c39e90264f33305004495a9","hash":"131522eace71059a40bd3c9a641993db04603452"}
[...]
,"/Users/ptchen/Downloads/Campus-Summer-Back-End/Campus-Summer-Back-End/students/pei-tung/Canchu/app/util/cache.js": {"path":"/Users/ptchen/Downloads/Campus-Summer-Back-End/Campus-Summer-Back-End/students/pei-tung/Canchu/app/util/cache.js","statementMap":{"0":{"start":{"line":1,"column":14},"end":{"line":1,"column":30}},"1":{"start":{"line":2,"column":15},"end":{"line":2,"column":46}},"2":{"start":{"line":4,"column":0},"end":{"line":96,"column":2}},"3":{"start":{"line":6,"column":16},"end":{"line":6,"column":49}},"4":{"start":{"line":7,"column":4},"end":{"line":7,"column":15}},"5":{"start":{"line":10,"column":16},"end":{"line":10,"column":71}},"6":{"start":{"line":11,"column":4},"end":{"line":11,"column":15}},"7":{"start":{"line":15,"column":19},"end":{"line":15,"column":69}},"8":{"start":{"line":16,"column":4},"end":{"line":25,"column":5}},"9":{"start":{"line":17,"column":6},"end":{"line":17,"column":29}},"10":{"start":{"line":18,"column":18},"end":{"line":18,"column":61}},"11":{"start":{"line":19,"column":26},"end":{"line":19,"column":47}},"12":{"start":{"line":20,"column":6},"end":{"line":20,"column":37}},"13":{"start":{"line":22,"column":6},"end":{"line":22,"column":30}},"14":{"start":{"line":24,"column":6},"end":{"line":24,"column":32}},"15":{"start":{"line":29,"column":19},"end":{"line":29,"column":68}},"16":{"start":{"line":30,"column":4},"end":{"line":39,"column":5}},"17":{"start":{"line":31,"column":6},"end":{"line":31,"column":29}},"18":{"start":{"line":32,"column":18},"end":{"line":32,"column":70}},"19":{"start":{"line":33,"column":29},"end":{"line":33,"column":50}},"20":{"start":{"line":34,"column":6},"end":{"line":34,"column":40}},"21":{"start":{"line":36,"column":6},"end":{"line":36,"column":30}},"22":{"start":{"line":38,"column":6},"end":{"line":38,"column":32}},"23":{"start":{"line":43,"column":19},"end":{"line":43,"column":68}},"24":{"start":{"line":44,"column":4},"end":{"line":61,"column":5}},"25":{"start":{"line":45,"column":56},"end":{"line":45,"column":59}},"26":{"start":{"line":46,"column":27},"end":{"line":52,"column":7}},"27":{"start":{"line":53,"column":6},"end":{"line":53,"column":29}},"28":{"start":{"line":54,"column":21},"end":{"line":54,"column":27}},"29":{"start":{"line":55,"column":18},"end":{"line":55,"column":59}},"30":{"start":{"line":56,"column":6},"end":{"line":56,"column":58}},"31":{"start":{"line":58,"column":6},"end":{"line":58,"column":30}},"32":{"start":{"line":60,"column":6},"end":{"line":60,"column":32}},"33":{"start":{"line":65,"column":19},"end":{"line":65,"column":68}},"34":{"start":{"line":66,"column":4},"end":{"line":76,"column":5}},"35":{"start":{"line":67,"column":43},"end":{"line":67,"column":46}},"36":{"start":{"line":68,"column":30},"end":{"line":68,"column":58}},"37":{"start":{"line":69,"column":6},"end":{"line":69,"column":29}},"38":{"start":{"line":70,"column":18},"end":{"line":70,"column":70}},"39":{"start":{"line":71,"column":6},"end":{"line":71,"column":61}},"40":{"start":{"line":73,"column":6},"end":{"line":73,"column":30}},"41":{"start":{"line":75,"column":6},"end":{"line":75,"column":32}},"42":{"start":{"line":80,"column":19},"end":{"line":80,"column":68}},"43":{"start":{"line":81,"column":4},"end":{"line":94,"column":5}},"44":{"start":{"line":82,"column":6},"end":{"line":82,"column":29}},"45":{"start":{"line":84,"column":6},"end":{"line":88,"column":7}},"46":{"start":{"line":85,"column":8},"end":{"line":85,"column":58}},"47":{"start":{"line":86,"column":13},"end":{"line":88,"column":7}},"48":{"start":{"line":87,"column":8},"end":{"line":87,"column":67}},"49":{"start":{"line":89,"column":6},"end":{"line":89,"column":28}},"50":{"start":{"line":91,"column":6},"end":{"line":91,"column":30}},"51":{"start":{"line":93,"column":6},"end":{"line":93,"column":32}}},"fnMap":{"0":{"name":"(anonymous_0)","decl":{"start":{"line":5,"column":2},"end":{"line":5,"column":3}},"loc":{"start":{"line":5,"column":31},"end":{"line":8,"column":3}},"line":5},"1":{"name":"(anonymous_1)","decl":{"start":{"line":9,"column":2},"end":{"line":9,"column":3}},"loc":{"start":{"line":9,"column":40},"end":{"line":12,"column":3}},"line":9},"2":{"name":"(anonymous_2)","decl":{"start":{"line":13,"column":14},"end":{"line":13,"column":15}},"loc":{"start":{"line":13,"column":34},"end":{"line":26,"column":3}},"line":13},"3":{"name":"(anonymous_3)","decl":{"start":{"line":27,"column":17},"end":{"line":27,"column":18}},"loc":{"start":{"line":27,"column":43},"end":{"line":40,"column":3}},"line":27},"4":{"name":"(anonymous_4)","decl":{"start":{"line":41,"column":15},"end":{"line":41,"column":16}},"loc":{"start":{"line":41,"column":30},"end":{"line":62,"column":3}},"line":41},"5":{"name":"(anonymous_5)","decl":{"start":{"line":63,"column":18},"end":{"line":63,"column":19}},"loc":{"start":{"line":63,"column":49},"end":{"line":77,"column":3}},"line":63},"6":{"name":"(anonymous_6)","decl":{"start":{"line":78,"column":10},"end":{"line":78,"column":11}},"loc":{"start":{"line":78,"column":47},"end":{"line":95,"column":3}},"line":78}},"branchMap":{"0":{"loc":{"start":{"line":84,"column":6},"end":{"line":88,"column":7}},"type":"if","locations":[{"start":{"line":84,"column":6},"end":{"line":88,"column":7}},{"start":{"line":86,"column":13},"end":{"line":88,"column":7}}],"line":84},"1":{"loc":{"start":{"line":86,"column":13},"end":{"line":88,"column":7}},"type":"if","locations":[{"start":{"line":86,"column":13},"end":{"line":88,"column":7}},{"start":{},"end":{}}],"line":86}},"s":{"0":1,"1":1,"2":1,"3":0,"4":0,"5":0,"6":0,"7":0,"8":0,"9":0,"10":0,"11":0,"12":0,"13":0,"14":0,"15":0,"16":0,"17":0,"18":0,"19":0,"20":0,"21":0,"22":0,"23":0,"24":0,"25":0,"26":0,"27":0,"28":0,"29":0,"30":0,"31":0,"32":0,"33":0,"34":0,"35":0,"36":0,"37":0,"38":0,"39":0,"40":0,"41":0,"42":0,"43":0,"44":0,"45":0,"46":0,"47":0,"48":0,"49":0,"50":0,"51":0},"f":{"0":0,"1":0,"2":0,"3":0,"4":0,"5":0,"6":0},"b":{"0":[0,0],"1":[0,0]},"_coverageSchema":"1a1c01bbd47fc00a2c39e90264f33305004495a9","hash":"d57cbbde3b0d7340f330958b36e410b931e4c8a7"}
,"/Users/ptchen/Downloads/Campus-Summer-Back-End/Campus-Summer-Back-End/students/pei-tung/Canchu/app/util/errorMessage.js": {"path":"/Users/ptchen/Downloads/Campus-Summer-Back-End/Campus-Summer-Back-End/students/pei-tung/Canchu/app/util/errorMessage.js","statementMap":{"0":{"start":{"line":1,"column":0},"end":{"line":12,"column":2}},"1":{"start":{"line":10,"column":4},"end":{"line":10,"column":49}}},"fnMap":{"0":{"name":"(anonymous_0)","decl":{"start":{"line":9,"column":15},"end":{"line":9,"column":16}},"loc":{"start":{"line":9,"column":39},"end":{"line":11,"column":3}},"line":9}},"branchMap":{},"s":{"0":1,"1":6},"f":{"0":6},"b":{},"_coverageSchema":"1a1c01bbd47fc00a2c39e90264f33305004495a9","hash":"27c57987ef8a67e70674c8a18d8dc87f9ce635cf"}
,"/Users/ptchen/Downloads/Campus-Summer-Back-End/Campus-Summer-Back-End/students/pei-tung/Canchu/app/util/eventUtil.js": {"path":"/Users/ptchen/Downloads/Campus-Summer-Back-End/Campus-Summer-Back-End/students/pei-tung/Canchu/app/util/eventUtil.js","statementMap":{"0":{"start":{"line":1,"column":0},"end":{"line":11,"column":2}},"1":{"start":{"line":3,"column":19},"end":{"line":3,"column":21}},"2":{"start":{"line":4,"column":4},"end":{"line":8,"column":7}},"3":{"start":{"line":5,"column":66},"end":{"line":5,"column":68}},"4":{"start":{"line":6,"column":18},"end":{"line":6,"column":76}},"5":{"start":{"line":7,"column":6},"end":{"line":7,"column":23}},"6":{"start":{"line":9,"column":4},"end":{"line":9,"column":18}}},"fnMap":{"0":{"name":"(anonymous_0)","decl":{"start":{"line":2,"column":20},"end":{"line":2,"column":21}},"loc":{"start":{"line":2,"column":29},"end":{"line":10,"column":3}},"line":2},"1":{"name":"(anonymous_1)","decl":{"start":{"line":4,"column":16},"end":{"line":4,"column":17}},"loc":{"start":{"line":4,"column":24},"end":{"line":8,"column":5}},"line":4}},"branchMap":{},"s":{"0":1,"1":0,"2":0,"3":0,"4":0,"5":0,"6":0},"f":{"0":0,"1":0},"b":{},"_coverageSchema":"1a1c01bbd47fc00a2c39e90264f33305004495a9","hash":"8c8d6a4c3c9b83c38725a813dafdd0fcaba64ad0"}
,"/Users/ptchen/Downloads/Campus-Summer-Back-End/Campus-Summer-Back-End/students/pei-tung/Canchu/app/util/friendUtil.js": {"path":"/Users/ptchen/Downloads/Campus-Summer-Back-End/Campus-Summer-Back-End/students/pei-tung/Canchu/app/util/friendUtil.js","statementMap":{"0":{"start":{"line":1,"column":0},"end":{"line":19,"column":2}},"1":{"start":{"line":3,"column":18},"end":{"line":3,"column":20}},"2":{"start":{"line":4,"column":4},"end":{"line":16,"column":5}},"3":{"start":{"line":5,"column":50},"end":{"line":5,"column":56}},"4":{"start":{"line":6,"column":18},"end":{"line":14,"column":7}},"5":{"start":{"line":15,"column":6},"end":{"line":15,"column":22}},"6":{"start":{"line":17,"column":4},"end":{"line":17,"column":17}}},"fnMap":{"0":{"name":"(anonymous_0)","decl":{"start":{"line":2,"column":25},"end":{"line":2,"column":26}},"loc":{"start":{"line":2,"column":42},"end":{"line":18,"column":3}},"line":2}},"branchMap":{},"s":{"0":1,"1":0,"2":0,"3":0,"4":0,"5":0,"6":0},"f":{"0":0},"b":{},"_coverageSchema":"1a1c01bbd47fc00a2c39e90264f33305004495a9","hash":"b34bdda4825da8dc9d3b4b4eb6e799e57596b3d7"}
,"/Users/ptchen/Downloads/Campus-Summer-Back-End/Campus-Summer-Back-End/students/pei-tung/Canchu/app/util/postUtil.js": {"path":"/Users/ptchen/Downloads/Campus-Summer-Back-End/Campus-Summer-Back-End/students/pei-tung/Canchu/app/util/postUtil.js","statementMap":{"0":{"start":{"line":1,"column":0},"end":{"line":34,"column":2}},"1":{"start":{"line":3,"column":16},"end":{"line":3,"column":18}},"2":{"start":{"line":4,"column":4},"end":{"line":31,"column":5}},"3":{"start":{"line":4,"column":17},"end":{"line":4,"column":18}},"4":{"start":{"line":5,"column":6},"end":{"line":7,"column":7}},"5":{"start":{"line":6,"column":8},"end":{"line":6,"column":21}},"6":{"start":{"line":18,"column":10},"end":{"line":18,"column":16}},"7":{"start":{"line":19,"column":18},"end":{"line":29,"column":7}},"8":{"start":{"line":30,"column":6},"end":{"line":30,"column":22}},"9":{"start":{"line":32,"column":4},"end":{"line":32,"column":17}}},"fnMap":{"0":{"name":"(anonymous_0)","decl":{"start":{"line":2,"column":25},"end":{"line":2,"column":26}},"loc":{"start":{"line":2,"column":48},"end":{"line":33,"column":3}},"line":2}},"branchMap":{"0":{"loc":{"start":{"line":5,"column":6},"end":{"line":7,"column":7}},"type":"if","locations":[{"start":{"line":5,"column":6},"end":{"line":7,"column":7}},{"start":{},"end":{}}],"line":5}},"s":{"0":1,"1":0,"2":0,"3":0,"4":0,"5":0,"6":0,"7":0,"8":0,"9":0},"f":{"0":0},"b":{"0":[0,0]},"_coverageSchema":"1a1c01bbd47fc00a2c39e90264f33305004495a9","hash":"28114dfeb532a5df444633688224fbd2e95dc4b0"}
,"/Users/ptchen/Downloads/Campus-Summer-Back-End/Campus-Summer-Back-End/students/pei-tung/Canchu/app/util/rateLimiter.js": {"path":"/Users/ptchen/Downloads/Campus-Summer-Back-End/Campus-Summer-Back-End/students/pei-tung/Canchu/app/util/rateLimiter.js","statementMap":{"0":{"start":{"line":1,"column":15},"end":{"line":1,"column":46}},"1":{"start":{"line":2,"column":14},"end":{"line":2,"column":30}},"2":{"start":{"line":4,"column":0},"end":{"line":76,"column":2}},"3":{"start":{"line":7,"column":19},"end":{"line":7,"column":68}},"4":{"start":{"line":9,"column":4},"end":{"line":42,"column":5}},"5":{"start":{"line":11,"column":8},"end":{"line":11,"column":66}},"6":{"start":{"line":12,"column":32},"end":{"line":12,"column":34}},"7":{"start":{"line":13,"column":23},"end":{"line":13,"column":24}},"8":{"start":{"line":14,"column":27},"end":{"line":14,"column":30}},"9":{"start":{"line":15,"column":6},"end":{"line":15,"column":29}},"10":{"start":{"line":16,"column":18},"end":{"line":16,"column":26}},"11":{"start":{"line":17,"column":29},"end":{"line":17,"column":50}},"12":{"start":{"line":18,"column":6},"end":{"line":25,"column":7}},"13":{"start":{"line":19,"column":8},"end":{"line":23,"column":18}},"14":{"start":{"line":24,"column":8},"end":{"line":24,"column":58}},"15":{"start":{"line":26,"column":6},"end":{"line":30,"column":7}},"16":{"start":{"line":27,"column":8},"end":{"line":27,"column":61}},"17":{"start":{"line":29,"column":8},"end":{"line":29,"column":31}},"18":{"start":{"line":32,"column":6},"end":{"line":39,"column":7}},"19":{"start":{"line":33,"column":8},"end":{"line":33,"column":63}},"20":{"start":{"line":35,"column":8},"end":{"line":35,"column":37}},"21":{"start":{"line":36,"column":8},"end":{"line":38,"column":50}},"22":{"start":{"line":41,"column":6},"end":{"line":41,"column":32}},"23":{"start":{"line":43,"column":4},"end":{"line":43,"column":11}},"24":{"start":{"line":46,"column":19},"end":{"line":46,"column":68}},"25":{"start":{"line":48,"column":4},"end":{"line":73,"column":5}},"26":{"start":{"line":50,"column":8},"end":{"line":50,"column":66}},"27":{"start":{"line":51,"column":6},"end":{"line":51,"column":29}},"28":{"start":{"line":52,"column":18},"end":{"line":52,"column":31}},"29":{"start":{"line":53,"column":25},"end":{"line":53,"column":62}},"30":{"start":{"line":54,"column":6},"end":{"line":59,"column":7}},"31":{"start":{"line":55,"column":8},"end":{"line":58,"column":10}},"32":{"start":{"line":61,"column":6},"end":{"line":70,"column":7}},"33":{"start":{"line":62,"column":8},"end":{"line":62,"column":63}},"34":{"start":{"line":64,"column":8},"end":{"line":64,"column":25}},"35":{"start":{"line":65,"column":8},"end":{"line":65,"column":40}},"36":{"start":{"line":67,"column":8},"end":{"line":69,"column":50}},"37":{"start":{"line":72,"column":6},"end":{"line":72,"column":32}},"38":{"start":{"line":74,"column":4},"end":{"line":74,"column":11}}},"fnMap":{"0":{"name":"(anonymous_0)","decl":{"start":{"line":5,"column":16},"end":{"line":5,"column":17}},"loc":{"start":{"line":5,"column":42},"end":{"line":44,"column":3}},"line":5},"1":{"name":"(anonymous_1)","decl":{"start":{"line":45,"column":18},"end":{"line":45,"column":19}},"loc":{"start":{"line":45,"column":44},"end":{"line":75,"column":3}},"line":45}},"branchMap":{"0":{"loc":{"start":{"line":11,"column":8},"end":{"line":11,"column":66}},"type":"binary-expr","locations":[{"start":{"line":11,"column":8},"end":{"line":11,"column":38}},{"start":{"line":11,"column":42},"end":{"line":11,"column":66}}],"line":11},"1":{"loc":{"start":{"line":18,"column":6},"end":{"line":25,"column":7}},"type":"if","locations":[{"start":{"line":18,"column":6},"end":{"line":25,"column":7}},{"start":{},"end":{}}],"line":18},"2":{"loc":{"start":{"line":26,"column":6},"end":{"line":30,"column":7}},"type":"if","locations":[{"start":{"line":26,"column":6},"end":{"line":30,"column":7}},{"start":{"line":28,"column":13},"end":{"line":30,"column":7}}],"line":26},"3":{"loc":{"start":{"line":32,"column":6},"end":{"line":39,"column":7}},"type":"if","locations":[{"start":{"line":32,"column":6},"end":{"line":39,"column":7}},{"start":{"line":34,"column":13},"end":{"line":39,"column":7}}],"line":32},"4":{"loc":{"start":{"line":50,"column":8},"end":{"line":50,"column":66}},"type":"binary-expr","locations":[{"start":{"line":50,"column":8},"end":{"line":50,"column":38}},{"start":{"line":50,"column":42},"end":{"line":50,"column":66}}],"line":50},"5":{"loc":{"start":{"line":54,"column":6},"end":{"line":59,"column":7}},"type":"if","locations":[{"start":{"line":54,"column":6},"end":{"line":59,"column":7}},{"start":{},"end":{}}],"line":54},"6":{"loc":{"start":{"line":61,"column":6},"end":{"line":70,"column":7}},"type":"if","locations":[{"start":{"line":61,"column":6},"end":{"line":70,"column":7}},{"start":{"line":63,"column":13},"end":{"line":70,"column":7}}],"line":61}},"s":{"0":1,"1":1,"2":1,"3":0,"4":0,"5":0,"6":0,"7":0,"8":0,"9":0,"10":0,"11":0,"12":0,"13":0,"14":0,"15":0,"16":0,"17":0,"18":0,"19":0,"20":0,"21":0,"22":0,"23":0,"24":0,"25":0,"26":0,"27":0,"28":0,"29":0,"30":0,"31":0,"32":0,"33":0,"34":0,"35":0,"36":0,"37":0,"38":0},"f":{"0":0,"1":0},"b":{"0":[0,0],"1":[0,0],"2":[0,0],"3":[0,0],"4":[0,0],"5":[0,0],"6":[0,0]},"_coverageSchema":"1a1c01bbd47fc00a2c39e90264f33305004495a9","hash":"dc562cb6077ab10260fddee72d20b8d76cbd1c83"}
,"/Users/ptchen/Downloads/Campus-Summer-Back-End/Campus-Summer-Back-End/students/pei-tung/Canchu/app/util/userUtil.js": {"path":"/Users/ptchen/Downloads/Campus-Summer-Back-End/Campus-Summer-Back-End/students/pei-tung/Canchu/app/util/userUtil.js","statementMap":{"0":{"start":{"line":1,"column":15},"end":{"line":1,"column":32}},"1":{"start":{"line":2,"column":13},"end":{"line":2,"column":28}},"2":{"start":{"line":4,"column":0},"end":{"line":53,"column":2}},"3":{"start":{"line":6,"column":51},"end":{"line":6,"column":54}},"4":{"start":{"line":7,"column":4},"end":{"line":7,"column":50}},"5":{"start":{"line":11,"column":6},"end":{"line":11,"column":9}},"6":{"start":{"line":12,"column":4},"end":{"line":12,"column":79}},"7":{"start":{"line":15,"column":20},"end":{"line":25,"column":6}},"8":{"start":{"line":17,"column":8},"end":{"line":17,"column":36}},"9":{"start":{"line":20,"column":20},"end":{"line":20,"column":51}},"10":{"start":{"line":22,"column":10},"end":{"line":22,"column":69}},"11":{"start":{"line":23,"column":8},"end":{"line":23,"column":27}},"12":{"start":{"line":26,"column":19},"end":{"line":26,"column":38}},"13":{"start":{"line":27,"column":4},"end":{"line":27,"column":18}},"14":{"start":{"line":30,"column":18},"end":{"line":30,"column":20}},"15":{"start":{"line":31,"column":4},"end":{"line":50,"column":5}},"16":{"start":{"line":31,"column":17},"end":{"line":31,"column":18}},"17":{"start":{"line":32,"column":52},"end":{"line":32,"column":58}},"18":{"start":{"line":33,"column":16},"end":{"line":33,"column":18}},"19":{"start":{"line":34,"column":6},"end":{"line":48,"column":7}},"20":{"start":{"line":35,"column":8},"end":{"line":40,"column":10}},"21":{"start":{"line":42,"column":8},"end":{"line":47,"column":10}},"22":{"start":{"line":49,"column":6},"end":{"line":49,"column":22}},"23":{"start":{"line":51,"column":4},"end":{"line":51,"column":17}}},"fnMap":{"0":{"name":"(anonymous_0)","decl":{"start":{"line":5,"column":19},"end":{"line":5,"column":20}},"loc":{"start":{"line":5,"column":28},"end":{"line":8,"column":3}},"line":5},"1":{"name":"(anonymous_1)","decl":{"start":{"line":9,"column":25},"end":{"line":9,"column":26}},"loc":{"start":{"line":9,"column":34},"end":{"line":13,"column":3}},"line":9},"2":{"name":"(anonymous_2)","decl":{"start":{"line":14,"column":24},"end":{"line":14,"column":25}},"loc":{"start":{"line":14,"column":30},"end":{"line":28,"column":3}},"line":14},"3":{"name":"(anonymous_3)","decl":{"start":{"line":16,"column":19},"end":{"line":16,"column":20}},"loc":{"start":{"line":16,"column":38},"end":{"line":18,"column":7}},"line":16},"4":{"name":"(anonymous_4)","decl":{"start":{"line":19,"column":16},"end":{"line":19,"column":17}},"loc":{"start":{"line":19,"column":41},"end":{"line":24,"column":7}},"line":19},"5":{"name":"(anonymous_5)","decl":{"start":{"line":29,"column":25},"end":{"line":29,"column":26}},"loc":{"start":{"line":29,"column":34},"end":{"line":52,"column":3}},"line":29}},"branchMap":{"0":{"loc":{"start":{"line":34,"column":6},"end":{"line":48,"column":7}},"type":"if","locations":[{"start":{"line":34,"column":6},"end":{"line":48,"column":7}},{"start":{"line":41,"column":13},"end":{"line":48,"column":7}}],"line":34}},"s":{"0":1,"1":1,"2":1,"3":0,"4":0,"5":0,"6":0,"7":1,"8":0,"9":0,"10":0,"11":0,"12":1,"13":1,"14":0,"15":0,"16":0,"17":0,"18":0,"19":0,"20":0,"21":0,"22":0,"23":0},"f":{"0":0,"1":0,"2":1,"3":0,"4":0,"5":0},"b":{"0":[0,0]},"_coverageSchema":"1a1c01bbd47fc00a2c39e90264f33305004495a9","hash":"87e51907445c30474a1c3a9631abc4f8a202062e"}
}
